{"/Users/vtak/dev/skald/src/router.js": {"path":"/Users/vtak/dev/skald/src/router.js","statementMap":{"0":{"start":{"line":6,"column":0},"end":{"line":6,"column":15}},"1":{"start":{"line":33,"column":23},"end":{"line":33,"column":103}},"2":{"start":{"line":39,"column":23},"end":{"line":39,"column":88}},"3":{"start":{"line":46,"column":23},"end":{"line":46,"column":87}},"4":{"start":{"line":53,"column":23},"end":{"line":53,"column":90}},"5":{"start":{"line":60,"column":23},"end":{"line":60,"column":100}},"6":{"start":{"line":67,"column":23},"end":{"line":67,"column":102}},"7":{"start":{"line":74,"column":23},"end":{"line":74,"column":95}},"8":{"start":{"line":81,"column":23},"end":{"line":81,"column":95}},"9":{"start":{"line":88,"column":23},"end":{"line":88,"column":88}},"10":{"start":{"line":95,"column":23},"end":{"line":95,"column":92}},"11":{"start":{"line":102,"column":23},"end":{"line":102,"column":91}},"12":{"start":{"line":109,"column":23},"end":{"line":109,"column":88}},"13":{"start":{"line":116,"column":23},"end":{"line":116,"column":97}}},"fnMap":{"0":{"name":"(anonymous_0)","decl":{"start":{"line":33,"column":17},"end":{"line":33,"column":18}},"loc":{"start":{"line":33,"column":23},"end":{"line":33,"column":103}},"line":33},"1":{"name":"(anonymous_1)","decl":{"start":{"line":39,"column":17},"end":{"line":39,"column":18}},"loc":{"start":{"line":39,"column":23},"end":{"line":39,"column":88}},"line":39},"2":{"name":"(anonymous_2)","decl":{"start":{"line":46,"column":17},"end":{"line":46,"column":18}},"loc":{"start":{"line":46,"column":23},"end":{"line":46,"column":87}},"line":46},"3":{"name":"(anonymous_3)","decl":{"start":{"line":53,"column":17},"end":{"line":53,"column":18}},"loc":{"start":{"line":53,"column":23},"end":{"line":53,"column":90}},"line":53},"4":{"name":"(anonymous_4)","decl":{"start":{"line":60,"column":17},"end":{"line":60,"column":18}},"loc":{"start":{"line":60,"column":23},"end":{"line":60,"column":100}},"line":60},"5":{"name":"(anonymous_5)","decl":{"start":{"line":67,"column":17},"end":{"line":67,"column":18}},"loc":{"start":{"line":67,"column":23},"end":{"line":67,"column":102}},"line":67},"6":{"name":"(anonymous_6)","decl":{"start":{"line":74,"column":17},"end":{"line":74,"column":18}},"loc":{"start":{"line":74,"column":23},"end":{"line":74,"column":95}},"line":74},"7":{"name":"(anonymous_7)","decl":{"start":{"line":81,"column":17},"end":{"line":81,"column":18}},"loc":{"start":{"line":81,"column":23},"end":{"line":81,"column":95}},"line":81},"8":{"name":"(anonymous_8)","decl":{"start":{"line":88,"column":17},"end":{"line":88,"column":18}},"loc":{"start":{"line":88,"column":23},"end":{"line":88,"column":88}},"line":88},"9":{"name":"(anonymous_9)","decl":{"start":{"line":95,"column":17},"end":{"line":95,"column":18}},"loc":{"start":{"line":95,"column":23},"end":{"line":95,"column":92}},"line":95},"10":{"name":"(anonymous_10)","decl":{"start":{"line":102,"column":17},"end":{"line":102,"column":18}},"loc":{"start":{"line":102,"column":23},"end":{"line":102,"column":91}},"line":102},"11":{"name":"(anonymous_11)","decl":{"start":{"line":109,"column":17},"end":{"line":109,"column":18}},"loc":{"start":{"line":109,"column":23},"end":{"line":109,"column":88}},"line":109},"12":{"name":"(anonymous_12)","decl":{"start":{"line":116,"column":17},"end":{"line":116,"column":18}},"loc":{"start":{"line":116,"column":23},"end":{"line":116,"column":97}},"line":116}},"branchMap":{},"s":{"0":19,"1":0,"2":0,"3":0,"4":0,"5":0,"6":0,"7":0,"8":0,"9":0,"10":0,"11":0,"12":0,"13":0},"f":{"0":0,"1":0,"2":0,"3":0,"4":0,"5":0,"6":0,"7":0,"8":0,"9":0,"10":0,"11":0,"12":0},"b":{},"_coverageSchema":"1a1c01bbd47fc00a2c39e90264f33305004495a9","hash":"54e16b5c543c5e239be9e779dfef292e1503db4d"}
,"/Users/vtak/dev/skald/src/components/AddPageListItem.vue": {"path":"/Users/vtak/dev/skald/src/components/AddPageListItem.vue","statementMap":{"0":{"start":{"line":18,"column":0},"end":{"line":18,"column":null}},"1":{"start":{"line":24,"column":0},"end":{"line":24,"column":null}},"2":{"start":{"line":29,"column":0},"end":{"line":29,"column":null}},"3":{"start":{"line":32,"column":0},"end":{"line":32,"column":null}},"4":{"start":{"line":37,"column":0},"end":{"line":37,"column":null}}},"fnMap":{"0":{"name":"(anonymous_1)","decl":{"start":{"line":24,"column":0},"end":{"line":24,"column":null}},"loc":{"start":{"line":24,"column":0},"end":{"line":24,"column":null}}},"1":{"name":"(anonymous_2)","decl":{"start":{"line":28,"column":0},"end":{"line":28,"column":null}},"loc":{"start":{"line":28,"column":0},"end":{"line":30,"column":null}}},"2":{"name":"(anonymous_3)","decl":{"start":{"line":31,"column":0},"end":{"line":31,"column":null}},"loc":{"start":{"line":31,"column":0},"end":{"line":33,"column":null}}},"3":{"name":"(anonymous_4)","decl":{"start":{"line":36,"column":0},"end":{"line":36,"column":null}},"loc":{"start":{"line":36,"column":0},"end":{"line":38,"column":null}}}},"branchMap":{"0":{"loc":{"start":{"line":32,"column":0},"end":{"line":32,"column":null}},"type":"if","locations":[{"start":{"line":32,"column":0},"end":{"line":32,"column":null}},{"start":{"line":32,"column":0},"end":{"line":32,"column":null}}]}},"s":{"0":1,"1":0,"2":0,"3":0,"4":0},"f":{"0":0,"1":0,"2":0,"3":0},"b":{"0":[0,0]}}
,"/Users/vtak/dev/skald/src/components/CreatePageCard.vue": {"path":"/Users/vtak/dev/skald/src/components/CreatePageCard.vue","statementMap":{"0":{"start":{"line":38,"column":0},"end":{"line":38,"column":null}},"1":{"start":{"line":44,"column":0},"end":{"line":44,"column":null}},"2":{"start":{"line":48,"column":0},"end":{"line":48,"column":null}},"3":{"start":{"line":51,"column":0},"end":{"line":51,"column":null}},"4":{"start":{"line":52,"column":0},"end":{"line":52,"column":null}},"5":{"start":{"line":58,"column":0},"end":{"line":58,"column":null}},"6":{"start":{"line":59,"column":0},"end":{"line":59,"column":null}},"7":{"start":{"line":62,"column":0},"end":{"line":63,"column":null}},"8":{"start":{"line":71,"column":0},"end":{"line":71,"column":null}},"9":{"start":{"line":72,"column":0},"end":{"line":72,"column":null}},"10":{"start":{"line":73,"column":0},"end":{"line":73,"column":null}}},"fnMap":{"0":{"name":"(anonymous_1)","decl":{"start":{"line":38,"column":0},"end":{"line":38,"column":null}},"loc":{"start":{"line":38,"column":0},"end":{"line":38,"column":null}}},"1":{"name":"(anonymous_2)","decl":{"start":{"line":43,"column":0},"end":{"line":43,"column":null}},"loc":{"start":{"line":43,"column":0},"end":{"line":45,"column":null}}},"2":{"name":"(anonymous_3)","decl":{"start":{"line":47,"column":0},"end":{"line":47,"column":null}},"loc":{"start":{"line":47,"column":0},"end":{"line":49,"column":null}}},"3":{"name":"(anonymous_4)","decl":{"start":{"line":50,"column":0},"end":{"line":50,"column":null}},"loc":{"start":{"line":50,"column":0},"end":{"line":53,"column":null}}},"4":{"name":"(anonymous_5)","decl":{"start":{"line":57,"column":0},"end":{"line":57,"column":null}},"loc":{"start":{"line":57,"column":0},"end":{"line":60,"column":null}}},"5":{"name":"(anonymous_6)","decl":{"start":{"line":61,"column":0},"end":{"line":61,"column":null}},"loc":{"start":{"line":61,"column":0},"end":{"line":74,"column":null}}}},"branchMap":{},"s":{"0":0,"1":0,"2":0,"3":0,"4":0,"5":0,"6":0,"7":0,"8":0,"9":0,"10":0},"f":{"0":0,"1":0,"2":0,"3":0,"4":0,"5":0},"b":{}}
,"/Users/vtak/dev/skald/src/components/LanguageSwitcher.vue": {"path":"/Users/vtak/dev/skald/src/components/LanguageSwitcher.vue","statementMap":{"0":{"start":{"line":28,"column":0},"end":{"line":28,"column":null}},"1":{"start":{"line":31,"column":0},"end":{"line":31,"column":null}}},"fnMap":{"0":{"name":"(anonymous_1)","decl":{"start":{"line":27,"column":0},"end":{"line":27,"column":null}},"loc":{"start":{"line":27,"column":0},"end":{"line":29,"column":null}}},"1":{"name":"(anonymous_2)","decl":{"start":{"line":30,"column":0},"end":{"line":30,"column":null}},"loc":{"start":{"line":30,"column":0},"end":{"line":32,"column":null}}}},"branchMap":{},"s":{"0":0,"1":0},"f":{"0":0,"1":0},"b":{}}
,"/Users/vtak/dev/skald/src/components/LatestChanges.vue": {"path":"/Users/vtak/dev/skald/src/components/LatestChanges.vue","statementMap":{"0":{"start":{"line":16,"column":0},"end":{"line":16,"column":null}},"1":{"start":{"line":24,"column":0},"end":{"line":24,"column":null}},"2":{"start":{"line":29,"column":0},"end":{"line":29,"column":null}},"3":{"start":{"line":30,"column":0},"end":{"line":30,"column":null}},"4":{"start":{"line":31,"column":0},"end":{"line":31,"column":null}},"5":{"start":{"line":32,"column":0},"end":{"line":32,"column":null}},"6":{"start":{"line":33,"column":0},"end":{"line":33,"column":null}},"7":{"start":{"line":34,"column":0},"end":{"line":34,"column":null}},"8":{"start":{"line":35,"column":0},"end":{"line":35,"column":null}}},"fnMap":{"0":{"name":"(anonymous_1)","decl":{"start":{"line":23,"column":0},"end":{"line":23,"column":null}},"loc":{"start":{"line":23,"column":0},"end":{"line":25,"column":null}}},"1":{"name":"(anonymous_2)","decl":{"start":{"line":28,"column":0},"end":{"line":28,"column":null}},"loc":{"start":{"line":28,"column":0},"end":{"line":36,"column":null}}}},"branchMap":{"0":{"loc":{"start":{"line":29,"column":0},"end":{"line":29,"column":null}},"type":"if","locations":[{"start":{"line":29,"column":0},"end":{"line":29,"column":null}},{"start":{"line":29,"column":0},"end":{"line":29,"column":null}}]},"1":{"loc":{"start":{"line":31,"column":0},"end":{"line":31,"column":null}},"type":"if","locations":[{"start":{"line":31,"column":0},"end":{"line":31,"column":null}},{"start":{"line":31,"column":0},"end":{"line":31,"column":null}}]}},"s":{"0":19,"1":0,"2":0,"3":0,"4":0,"5":0,"6":0,"7":0,"8":0},"f":{"0":0,"1":0},"b":{"0":[0,0],"1":[0,0]}}
,"/Users/vtak/dev/skald/src/components/Loading.vue": {"path":"/Users/vtak/dev/skald/src/components/Loading.vue","statementMap":{"0":{"start":{"line":12,"column":0},"end":{"line":12,"column":null}},"1":{"start":{"line":13,"column":0},"end":{"line":13,"column":null}}},"fnMap":{"0":{"name":"(anonymous_1)","decl":{"start":{"line":11,"column":0},"end":{"line":11,"column":null}},"loc":{"start":{"line":11,"column":0},"end":{"line":14,"column":null}}}},"branchMap":{"0":{"loc":{"start":{"line":12,"column":0},"end":{"line":12,"column":null}},"type":"if","locations":[{"start":{"line":12,"column":0},"end":{"line":12,"column":null}},{"start":{"line":12,"column":0},"end":{"line":12,"column":null}}]}},"s":{"0":0,"1":0},"f":{"0":0},"b":{"0":[0,0]}}
,"/Users/vtak/dev/skald/src/components/SiteList.vue": {"path":"/Users/vtak/dev/skald/src/components/SiteList.vue","statementMap":{"0":{"start":{"line":20,"column":0},"end":{"line":20,"column":null}},"1":{"start":{"line":21,"column":0},"end":{"line":21,"column":null}},"2":{"start":{"line":22,"column":0},"end":{"line":22,"column":null}},"3":{"start":{"line":23,"column":0},"end":{"line":23,"column":null}},"4":{"start":{"line":25,"column":0},"end":{"line":25,"column":null}},"5":{"start":{"line":27,"column":0},"end":{"line":27,"column":null}},"6":{"start":{"line":48,"column":0},"end":{"line":48,"column":null}},"7":{"start":{"line":49,"column":0},"end":{"line":49,"column":null}},"8":{"start":{"line":50,"column":0},"end":{"line":50,"column":null}},"9":{"start":{"line":51,"column":0},"end":{"line":69,"column":null}},"10":{"start":{"line":52,"column":0},"end":{"line":52,"column":null}},"11":{"start":{"line":53,"column":0},"end":{"line":53,"column":null}},"12":{"start":{"line":54,"column":0},"end":{"line":68,"column":null}},"13":{"start":{"line":55,"column":0},"end":{"line":67,"column":null}},"14":{"start":{"line":56,"column":0},"end":{"line":66,"column":null}},"15":{"start":{"line":58,"column":0},"end":{"line":58,"column":null}},"16":{"start":{"line":65,"column":0},"end":{"line":65,"column":null}},"17":{"start":{"line":70,"column":0},"end":{"line":70,"column":null}},"18":{"start":{"line":72,"column":0},"end":{"line":72,"column":null}}},"fnMap":{"0":{"name":"(anonymous_1)","decl":{"start":{"line":47,"column":0},"end":{"line":47,"column":null}},"loc":{"start":{"line":47,"column":0},"end":{"line":73,"column":null}}},"1":{"name":"(anonymous_2)","decl":{"start":{"line":50,"column":0},"end":{"line":50,"column":null}},"loc":{"start":{"line":50,"column":0},"end":{"line":50,"column":null}}},"2":{"name":"(anonymous_3)","decl":{"start":{"line":51,"column":0},"end":{"line":51,"column":null}},"loc":{"start":{"line":51,"column":0},"end":{"line":69,"column":null}}},"3":{"name":"(anonymous_4)","decl":{"start":{"line":54,"column":0},"end":{"line":54,"column":null}},"loc":{"start":{"line":54,"column":0},"end":{"line":68,"column":null}}},"4":{"name":"(anonymous_5)","decl":{"start":{"line":55,"column":0},"end":{"line":55,"column":null}},"loc":{"start":{"line":55,"column":0},"end":{"line":67,"column":null}}},"5":{"name":"(anonymous_6)","decl":{"start":{"line":70,"column":0},"end":{"line":70,"column":null}},"loc":{"start":{"line":70,"column":0},"end":{"line":70,"column":null}}}},"branchMap":{"0":{"loc":{"start":{"line":56,"column":0},"end":{"line":66,"column":null}},"type":"if","locations":[{"start":{"line":56,"column":0},"end":{"line":66,"column":null}},{"start":{"line":56,"column":0},"end":{"line":66,"column":null}}]},"1":{"loc":{"start":{"line":56,"column":0},"end":{"line":56,"column":null}},"type":"binary-expr","locations":[{"start":{"line":56,"column":0},"end":{"line":56,"column":null}},{"start":{"line":56,"column":0},"end":{"line":56,"column":null}}]}},"s":{"0":19,"1":19,"2":19,"3":19,"4":19,"5":19,"6":0,"7":0,"8":0,"9":0,"10":0,"11":0,"12":0,"13":0,"14":0,"15":0,"16":0,"17":0,"18":0},"f":{"0":0,"1":0,"2":0,"3":0,"4":0,"5":0},"b":{"0":[0,0],"1":[0,0]}}
,"/Users/vtak/dev/skald/src/components/TabTitle.vue": {"path":"/Users/vtak/dev/skald/src/components/TabTitle.vue","statementMap":{"0":{"start":{"line":20,"column":0},"end":{"line":20,"column":null}}},"fnMap":{"0":{"name":"(anonymous_1)","decl":{"start":{"line":19,"column":0},"end":{"line":19,"column":null}},"loc":{"start":{"line":19,"column":0},"end":{"line":21,"column":null}}}},"branchMap":{},"s":{"0":0},"f":{"0":0},"b":{}}
,"/Users/vtak/dev/skald/src/components/addplayeraction/AddPlayerAction.vue": {"path":"/Users/vtak/dev/skald/src/components/addplayeraction/AddPlayerAction.vue","statementMap":{"0":{"start":{"line":45,"column":0},"end":{"line":45,"column":null}},"1":{"start":{"line":46,"column":0},"end":{"line":46,"column":null}},"2":{"start":{"line":47,"column":0},"end":{"line":47,"column":null}},"3":{"start":{"line":48,"column":0},"end":{"line":48,"column":null}},"4":{"start":{"line":49,"column":0},"end":{"line":49,"column":null}},"5":{"start":{"line":50,"column":0},"end":{"line":50,"column":null}},"6":{"start":{"line":52,"column":0},"end":{"line":52,"column":null}},"7":{"start":{"line":67,"column":0},"end":{"line":67,"column":null}},"8":{"start":{"line":68,"column":0},"end":{"line":68,"column":null}},"9":{"start":{"line":69,"column":0},"end":{"line":69,"column":null}},"10":{"start":{"line":70,"column":0},"end":{"line":70,"column":null}},"11":{"start":{"line":71,"column":0},"end":{"line":71,"column":null}},"12":{"start":{"line":72,"column":0},"end":{"line":72,"column":null}},"13":{"start":{"line":73,"column":0},"end":{"line":82,"column":null}},"14":{"start":{"line":74,"column":0},"end":{"line":74,"column":null}},"15":{"start":{"line":75,"column":0},"end":{"line":75,"column":null}},"16":{"start":{"line":76,"column":0},"end":{"line":81,"column":null}},"17":{"start":{"line":77,"column":0},"end":{"line":80,"column":null}},"18":{"start":{"line":78,"column":0},"end":{"line":78,"column":null}},"19":{"start":{"line":79,"column":0},"end":{"line":79,"column":null}},"20":{"start":{"line":83,"column":0},"end":{"line":83,"column":null}},"21":{"start":{"line":84,"column":0},"end":{"line":84,"column":null}},"22":{"start":{"line":86,"column":0},"end":{"line":97,"column":null}},"23":{"start":{"line":87,"column":0},"end":{"line":87,"column":null}},"24":{"start":{"line":88,"column":0},"end":{"line":88,"column":null}},"25":{"start":{"line":89,"column":0},"end":{"line":89,"column":null}},"26":{"start":{"line":91,"column":0},"end":{"line":96,"column":null}},"27":{"start":{"line":92,"column":0},"end":{"line":92,"column":null}},"28":{"start":{"line":94,"column":0},"end":{"line":94,"column":null}},"29":{"start":{"line":95,"column":0},"end":{"line":95,"column":null}},"30":{"start":{"line":99,"column":0},"end":{"line":99,"column":null}}},"fnMap":{"0":{"name":"(anonymous_1)","decl":{"start":{"line":66,"column":0},"end":{"line":66,"column":null}},"loc":{"start":{"line":66,"column":0},"end":{"line":100,"column":null}}},"1":{"name":"(anonymous_2)","decl":{"start":{"line":73,"column":0},"end":{"line":73,"column":null}},"loc":{"start":{"line":73,"column":0},"end":{"line":82,"column":null}}},"2":{"name":"(anonymous_3)","decl":{"start":{"line":76,"column":0},"end":{"line":76,"column":null}},"loc":{"start":{"line":76,"column":0},"end":{"line":81,"column":null}}},"3":{"name":"(anonymous_4)","decl":{"start":{"line":77,"column":0},"end":{"line":77,"column":null}},"loc":{"start":{"line":77,"column":0},"end":{"line":80,"column":null}}},"4":{"name":"(anonymous_5)","decl":{"start":{"line":86,"column":0},"end":{"line":86,"column":null}},"loc":{"start":{"line":86,"column":0},"end":{"line":97,"column":null}}},"5":{"name":"(anonymous_6)","decl":{"start":{"line":89,"column":0},"end":{"line":89,"column":null}},"loc":{"start":{"line":89,"column":0},"end":{"line":89,"column":null}}},"6":{"name":"(anonymous_7)","decl":{"start":{"line":91,"column":0},"end":{"line":91,"column":null}},"loc":{"start":{"line":91,"column":0},"end":{"line":93,"column":null}}},"7":{"name":"(anonymous_8)","decl":{"start":{"line":93,"column":0},"end":{"line":93,"column":null}},"loc":{"start":{"line":93,"column":0},"end":{"line":96,"column":null}}}},"branchMap":{},"s":{"0":3,"1":3,"2":3,"3":3,"4":3,"5":3,"6":3,"7":1,"8":1,"9":1,"10":1,"11":1,"12":1,"13":1,"14":1,"15":1,"16":1,"17":0,"18":0,"19":0,"20":1,"21":1,"22":1,"23":0,"24":0,"25":0,"26":0,"27":0,"28":0,"29":0,"30":1},"f":{"0":1,"1":1,"2":0,"3":0,"4":0,"5":0,"6":0,"7":0},"b":{}}
,"/Users/vtak/dev/skald/src/components/app/AppStateSnack.vue": {"path":"/Users/vtak/dev/skald/src/components/app/AppStateSnack.vue","statementMap":{"0":{"start":{"line":25,"column":0},"end":{"line":25,"column":null}},"1":{"start":{"line":26,"column":0},"end":{"line":26,"column":null}},"2":{"start":{"line":27,"column":0},"end":{"line":27,"column":null}},"3":{"start":{"line":28,"column":0},"end":{"line":28,"column":null}},"4":{"start":{"line":29,"column":0},"end":{"line":29,"column":null}},"5":{"start":{"line":31,"column":0},"end":{"line":31,"column":null}},"6":{"start":{"line":35,"column":0},"end":{"line":35,"column":null}},"7":{"start":{"line":36,"column":0},"end":{"line":36,"column":null}},"8":{"start":{"line":37,"column":0},"end":{"line":37,"column":null}},"9":{"start":{"line":38,"column":0},"end":{"line":38,"column":null}},"10":{"start":{"line":39,"column":0},"end":{"line":39,"column":null}},"11":{"start":{"line":42,"column":0},"end":{"line":42,"column":null}},"12":{"start":{"line":43,"column":0},"end":{"line":43,"column":null}},"13":{"start":{"line":46,"column":0},"end":{"line":46,"column":null}}},"fnMap":{"0":{"name":"(anonymous_1)","decl":{"start":{"line":34,"column":0},"end":{"line":34,"column":null}},"loc":{"start":{"line":34,"column":0},"end":{"line":47,"column":null}}},"1":{"name":"(anonymous_2)","decl":{"start":{"line":38,"column":0},"end":{"line":38,"column":null}},"loc":{"start":{"line":38,"column":0},"end":{"line":38,"column":null}}},"2":{"name":"(anonymous_3)","decl":{"start":{"line":39,"column":0},"end":{"line":39,"column":null}},"loc":{"start":{"line":39,"column":0},"end":{"line":39,"column":null}}},"3":{"name":"clear","decl":{"start":{"line":41,"column":0},"end":{"line":41,"column":null}},"loc":{"start":{"line":41,"column":0},"end":{"line":44,"column":null}}}},"branchMap":{"0":{"loc":{"start":{"line":42,"column":0},"end":{"line":42,"column":null}},"type":"if","locations":[{"start":{"line":42,"column":0},"end":{"line":42,"column":null}},{"start":{"line":42,"column":0},"end":{"line":42,"column":null}}]}},"s":{"0":1,"1":1,"2":1,"3":1,"4":1,"5":1,"6":1,"7":1,"8":1,"9":2,"10":2,"11":0,"12":0,"13":1},"f":{"0":1,"1":1,"2":1,"3":0},"b":{"0":[0,0]}}
,"/Users/vtak/dev/skald/src/components/app/OnScrollFab.vue": {"path":"/Users/vtak/dev/skald/src/components/app/OnScrollFab.vue","statementMap":{"0":{"start":{"line":15,"column":0},"end":{"line":15,"column":null}},"1":{"start":{"line":18,"column":0},"end":{"line":18,"column":null}},"2":{"start":{"line":19,"column":0},"end":{"line":23,"column":null}},"3":{"start":{"line":20,"column":0},"end":{"line":20,"column":null}},"4":{"start":{"line":21,"column":0},"end":{"line":21,"column":null}},"5":{"start":{"line":22,"column":0},"end":{"line":22,"column":null}},"6":{"start":{"line":24,"column":0},"end":{"line":24,"column":null}},"7":{"start":{"line":25,"column":0},"end":{"line":25,"column":null}}},"fnMap":{"0":{"name":"(anonymous_1)","decl":{"start":{"line":17,"column":0},"end":{"line":17,"column":null}},"loc":{"start":{"line":17,"column":0},"end":{"line":26,"column":null}}},"1":{"name":"(anonymous_2)","decl":{"start":{"line":19,"column":0},"end":{"line":19,"column":null}},"loc":{"start":{"line":19,"column":0},"end":{"line":23,"column":null}}},"2":{"name":"(anonymous_3)","decl":{"start":{"line":24,"column":0},"end":{"line":24,"column":null}},"loc":{"start":{"line":24,"column":0},"end":{"line":24,"column":null}}}},"branchMap":{"0":{"loc":{"start":{"line":20,"column":0},"end":{"line":20,"column":null}},"type":"if","locations":[{"start":{"line":20,"column":0},"end":{"line":20,"column":null}},{"start":{"line":20,"column":0},"end":{"line":20,"column":null}}]},"1":{"loc":{"start":{"line":21,"column":0},"end":{"line":21,"column":null}},"type":"binary-expr","locations":[{"start":{"line":21,"column":0},"end":{"line":21,"column":null}},{"start":{"line":21,"column":0},"end":{"line":21,"column":null}},{"start":{"line":21,"column":0},"end":{"line":21,"column":null}}]}},"s":{"0":1,"1":1,"2":1,"3":0,"4":0,"5":0,"6":1,"7":1},"f":{"0":1,"1":0,"2":0},"b":{"0":[0,0],"1":[0,0,0]}}
,"/Users/vtak/dev/skald/src/components/app/TabTitle.vue": {"path":"/Users/vtak/dev/skald/src/components/app/TabTitle.vue","statementMap":{"0":{"start":{"line":25,"column":0},"end":{"line":25,"column":null}},"1":{"start":{"line":26,"column":0},"end":{"line":26,"column":null}},"2":{"start":{"line":48,"column":0},"end":{"line":48,"column":null}},"3":{"start":{"line":49,"column":0},"end":{"line":49,"column":null}},"4":{"start":{"line":50,"column":0},"end":{"line":50,"column":null}}},"fnMap":{"0":{"name":"(anonymous_1)","decl":{"start":{"line":47,"column":0},"end":{"line":47,"column":null}},"loc":{"start":{"line":47,"column":0},"end":{"line":51,"column":null}}},"1":{"name":"(anonymous_2)","decl":{"start":{"line":49,"column":0},"end":{"line":49,"column":null}},"loc":{"start":{"line":49,"column":0},"end":{"line":49,"column":null}}}},"branchMap":{},"s":{"0":19,"1":19,"2":1,"3":2,"4":1},"f":{"0":1,"1":1},"b":{}}
,"/Users/vtak/dev/skald/src/components/attachments/CardFileUpload.vue": {"path":"/Users/vtak/dev/skald/src/components/attachments/CardFileUpload.vue","statementMap":{"0":{"start":{"line":15,"column":0},"end":{"line":15,"column":null}},"1":{"start":{"line":16,"column":0},"end":{"line":16,"column":null}},"2":{"start":{"line":22,"column":0},"end":{"line":22,"column":null}},"3":{"start":{"line":28,"column":0},"end":{"line":28,"column":null}},"4":{"start":{"line":32,"column":0},"end":{"line":32,"column":null}},"5":{"start":{"line":33,"column":0},"end":{"line":33,"column":null}},"6":{"start":{"line":35,"column":0},"end":{"line":37,"column":null}},"7":{"start":{"line":36,"column":0},"end":{"line":36,"column":null}},"8":{"start":{"line":39,"column":0},"end":{"line":41,"column":null}},"9":{"start":{"line":40,"column":0},"end":{"line":40,"column":null}},"10":{"start":{"line":44,"column":0},"end":{"line":44,"column":null}},"11":{"start":{"line":46,"column":0},"end":{"line":46,"column":null}},"12":{"start":{"line":47,"column":0},"end":{"line":49,"column":null}},"13":{"start":{"line":48,"column":0},"end":{"line":48,"column":null}}},"fnMap":{"0":{"name":"(anonymous_1)","decl":{"start":{"line":22,"column":0},"end":{"line":22,"column":null}},"loc":{"start":{"line":22,"column":0},"end":{"line":22,"column":null}}},"1":{"name":"(anonymous_2)","decl":{"start":{"line":27,"column":0},"end":{"line":27,"column":null}},"loc":{"start":{"line":27,"column":0},"end":{"line":29,"column":null}}},"2":{"name":"(anonymous_3)","decl":{"start":{"line":30,"column":0},"end":{"line":30,"column":null}},"loc":{"start":{"line":30,"column":0},"end":{"line":50,"column":null}}},"3":{"name":"(anonymous_4)","decl":{"start":{"line":35,"column":0},"end":{"line":35,"column":null}},"loc":{"start":{"line":35,"column":0},"end":{"line":37,"column":null}}},"4":{"name":"(anonymous_5)","decl":{"start":{"line":47,"column":0},"end":{"line":47,"column":null}},"loc":{"start":{"line":47,"column":0},"end":{"line":49,"column":null}}}},"branchMap":{"0":{"loc":{"start":{"line":39,"column":0},"end":{"line":41,"column":null}},"type":"if","locations":[{"start":{"line":39,"column":0},"end":{"line":41,"column":null}},{"start":{"line":39,"column":0},"end":{"line":41,"column":null}}]}},"s":{"0":19,"1":19,"2":0,"3":0,"4":0,"5":0,"6":0,"7":0,"8":0,"9":0,"10":0,"11":0,"12":0,"13":0},"f":{"0":0,"1":0,"2":0,"3":0,"4":0},"b":{"0":[0,0]}}
,"/Users/vtak/dev/skald/src/components/attachments/FileUploadButton.vue": {"path":"/Users/vtak/dev/skald/src/components/attachments/FileUploadButton.vue","statementMap":{"0":{"start":{"line":28,"column":0},"end":{"line":28,"column":null}},"1":{"start":{"line":29,"column":0},"end":{"line":29,"column":null}},"2":{"start":{"line":37,"column":0},"end":{"line":37,"column":null}},"3":{"start":{"line":44,"column":0},"end":{"line":44,"column":null}},"4":{"start":{"line":47,"column":0},"end":{"line":47,"column":null}},"5":{"start":{"line":49,"column":0},"end":{"line":49,"column":null}},"6":{"start":{"line":50,"column":0},"end":{"line":53,"column":null}},"7":{"start":{"line":51,"column":0},"end":{"line":51,"column":null}},"8":{"start":{"line":52,"column":0},"end":{"line":52,"column":null}}},"fnMap":{"0":{"name":"(anonymous_1)","decl":{"start":{"line":37,"column":0},"end":{"line":37,"column":null}},"loc":{"start":{"line":37,"column":0},"end":{"line":37,"column":null}}},"1":{"name":"(anonymous_2)","decl":{"start":{"line":42,"column":0},"end":{"line":42,"column":null}},"loc":{"start":{"line":42,"column":0},"end":{"line":54,"column":null}}},"2":{"name":"(anonymous_3)","decl":{"start":{"line":50,"column":0},"end":{"line":50,"column":null}},"loc":{"start":{"line":50,"column":0},"end":{"line":53,"column":null}}}},"branchMap":{"0":{"loc":{"start":{"line":44,"column":0},"end":{"line":44,"column":null}},"type":"cond-expr","locations":[{"start":{"line":44,"column":0},"end":{"line":44,"column":null}},{"start":{"line":44,"column":0},"end":{"line":44,"column":null}}]}},"s":{"0":19,"1":19,"2":0,"3":0,"4":0,"5":0,"6":0,"7":0,"8":0},"f":{"0":0,"1":0,"2":0},"b":{"0":[0,0]}}
,"/Users/vtak/dev/skald/src/components/ckeditorcard/CKEditorCard.vue": {"path":"/Users/vtak/dev/skald/src/components/ckeditorcard/CKEditorCard.vue","statementMap":{"0":{"start":{"line":41,"column":0},"end":{"line":41,"column":null}},"1":{"start":{"line":42,"column":0},"end":{"line":42,"column":null}},"2":{"start":{"line":43,"column":0},"end":{"line":43,"column":null}},"3":{"start":{"line":44,"column":0},"end":{"line":44,"column":null}},"4":{"start":{"line":45,"column":0},"end":{"line":45,"column":null}},"5":{"start":{"line":46,"column":0},"end":{"line":46,"column":null}},"6":{"start":{"line":47,"column":0},"end":{"line":47,"column":null}},"7":{"start":{"line":48,"column":0},"end":{"line":48,"column":null}},"8":{"start":{"line":49,"column":0},"end":{"line":49,"column":null}},"9":{"start":{"line":50,"column":0},"end":{"line":50,"column":null}},"10":{"start":{"line":51,"column":0},"end":{"line":51,"column":null}},"11":{"start":{"line":52,"column":0},"end":{"line":52,"column":null}},"12":{"start":{"line":54,"column":0},"end":{"line":54,"column":null}},"13":{"start":{"line":61,"column":0},"end":{"line":61,"column":null}},"14":{"start":{"line":62,"column":0},"end":{"line":62,"column":null}},"15":{"start":{"line":63,"column":0},"end":{"line":63,"column":null}},"16":{"start":{"line":64,"column":0},"end":{"line":64,"column":null}},"17":{"start":{"line":66,"column":0},"end":{"line":66,"column":null}},"18":{"start":{"line":68,"column":0},"end":{"line":68,"column":null}},"19":{"start":{"line":69,"column":0},"end":{"line":69,"column":null}},"20":{"start":{"line":71,"column":0},"end":{"line":71,"column":null}},"21":{"start":{"line":72,"column":0},"end":{"line":72,"column":null}},"22":{"start":{"line":75,"column":0},"end":{"line":75,"column":null}},"23":{"start":{"line":76,"column":0},"end":{"line":76,"column":null}},"24":{"start":{"line":77,"column":0},"end":{"line":77,"column":null}},"25":{"start":{"line":81,"column":0},"end":{"line":88,"column":null}},"26":{"start":{"line":82,"column":0},"end":{"line":82,"column":null}},"27":{"start":{"line":83,"column":0},"end":{"line":83,"column":null}},"28":{"start":{"line":84,"column":0},"end":{"line":87,"column":null}},"29":{"start":{"line":85,"column":0},"end":{"line":85,"column":null}},"30":{"start":{"line":86,"column":0},"end":{"line":86,"column":null}},"31":{"start":{"line":90,"column":0},"end":{"line":90,"column":null}},"32":{"start":{"line":95,"column":0},"end":{"line":114,"column":null}},"33":{"start":{"line":116,"column":0},"end":{"line":116,"column":null}}},"fnMap":{"0":{"name":"(anonymous_1)","decl":{"start":{"line":60,"column":0},"end":{"line":60,"column":null}},"loc":{"start":{"line":60,"column":0},"end":{"line":117,"column":null}}},"1":{"name":"(anonymous_2)","decl":{"start":{"line":67,"column":0},"end":{"line":67,"column":null}},"loc":{"start":{"line":67,"column":0},"end":{"line":73,"column":null}}},"2":{"name":"(anonymous_3)","decl":{"start":{"line":74,"column":0},"end":{"line":74,"column":null}},"loc":{"start":{"line":74,"column":0},"end":{"line":78,"column":null}}},"3":{"name":"(anonymous_4)","decl":{"start":{"line":81,"column":0},"end":{"line":81,"column":null}},"loc":{"start":{"line":81,"column":0},"end":{"line":88,"column":null}}},"4":{"name":"(anonymous_5)","decl":{"start":{"line":84,"column":0},"end":{"line":84,"column":null}},"loc":{"start":{"line":84,"column":0},"end":{"line":87,"column":null}}},"5":{"name":"(anonymous_6)","decl":{"start":{"line":95,"column":0},"end":{"line":95,"column":null}},"loc":{"start":{"line":95,"column":0},"end":{"line":114,"column":null}}}},"branchMap":{"0":{"loc":{"start":{"line":68,"column":0},"end":{"line":68,"column":null}},"type":"if","locations":[{"start":{"line":68,"column":0},"end":{"line":68,"column":null}},{"start":{"line":68,"column":0},"end":{"line":68,"column":null}}]},"1":{"loc":{"start":{"line":69,"column":0},"end":{"line":69,"column":null}},"type":"if","locations":[{"start":{"line":69,"column":0},"end":{"line":69,"column":null}},{"start":{"line":69,"column":0},"end":{"line":69,"column":null}}]}},"s":{"0":1,"1":1,"2":1,"3":1,"4":1,"5":1,"6":1,"7":1,"8":1,"9":1,"10":1,"11":1,"12":1,"13":0,"14":0,"15":0,"16":0,"17":0,"18":0,"19":0,"20":0,"21":0,"22":0,"23":0,"24":0,"25":0,"26":0,"27":0,"28":0,"29":0,"30":0,"31":0,"32":0,"33":0},"f":{"0":0,"1":0,"2":0,"3":0,"4":0,"5":0},"b":{"0":[0,0],"1":[0,0]}}
,"/Users/vtak/dev/skald/src/components/ckeditorcard/PageCategorySelect.vue": {"path":"/Users/vtak/dev/skald/src/components/ckeditorcard/PageCategorySelect.vue","statementMap":{"0":{"start":{"line":10,"column":0},"end":{"line":10,"column":null}},"1":{"start":{"line":11,"column":0},"end":{"line":11,"column":null}},"2":{"start":{"line":12,"column":0},"end":{"line":12,"column":null}},"3":{"start":{"line":14,"column":0},"end":{"line":14,"column":null}},"4":{"start":{"line":18,"column":0},"end":{"line":18,"column":null}},"5":{"start":{"line":19,"column":0},"end":{"line":19,"column":null}},"6":{"start":{"line":20,"column":0},"end":{"line":20,"column":null}},"7":{"start":{"line":22,"column":0},"end":{"line":22,"column":null}},"8":{"start":{"line":23,"column":0},"end":{"line":23,"column":null}},"9":{"start":{"line":24,"column":0},"end":{"line":24,"column":null}},"10":{"start":{"line":27,"column":0},"end":{"line":27,"column":null}}},"fnMap":{"0":{"name":"(anonymous_1)","decl":{"start":{"line":17,"column":0},"end":{"line":17,"column":null}},"loc":{"start":{"line":17,"column":0},"end":{"line":28,"column":null}}},"1":{"name":"(anonymous_2)","decl":{"start":{"line":20,"column":0},"end":{"line":20,"column":null}},"loc":{"start":{"line":20,"column":0},"end":{"line":20,"column":null}}},"2":{"name":"(anonymous_3)","decl":{"start":{"line":21,"column":0},"end":{"line":21,"column":null}},"loc":{"start":{"line":21,"column":0},"end":{"line":25,"column":null}}}},"branchMap":{},"s":{"0":1,"1":1,"2":1,"3":1,"4":0,"5":0,"6":0,"7":0,"8":0,"9":0,"10":0},"f":{"0":0,"1":0,"2":0},"b":{}}
,"/Users/vtak/dev/skald/src/components/ckeditorcard/PageMetadataCard.vue": {"path":"/Users/vtak/dev/skald/src/components/ckeditorcard/PageMetadataCard.vue","statementMap":{"0":{"start":{"line":42,"column":0},"end":{"line":42,"column":null}},"1":{"start":{"line":43,"column":0},"end":{"line":43,"column":null}},"2":{"start":{"line":44,"column":0},"end":{"line":44,"column":null}},"3":{"start":{"line":45,"column":0},"end":{"line":45,"column":null}},"4":{"start":{"line":46,"column":0},"end":{"line":46,"column":null}},"5":{"start":{"line":47,"column":0},"end":{"line":47,"column":null}},"6":{"start":{"line":48,"column":0},"end":{"line":48,"column":null}},"7":{"start":{"line":49,"column":0},"end":{"line":49,"column":null}},"8":{"start":{"line":50,"column":0},"end":{"line":50,"column":null}},"9":{"start":{"line":51,"column":0},"end":{"line":51,"column":null}},"10":{"start":{"line":58,"column":0},"end":{"line":58,"column":null}},"11":{"start":{"line":59,"column":0},"end":{"line":59,"column":null}},"12":{"start":{"line":60,"column":0},"end":{"line":60,"column":null}},"13":{"start":{"line":61,"column":0},"end":{"line":61,"column":null}},"14":{"start":{"line":63,"column":0},"end":{"line":63,"column":null}},"15":{"start":{"line":64,"column":0},"end":{"line":64,"column":null}},"16":{"start":{"line":65,"column":0},"end":{"line":65,"column":null}},"17":{"start":{"line":69,"column":0},"end":{"line":83,"column":null}},"18":{"start":{"line":70,"column":0},"end":{"line":70,"column":null}},"19":{"start":{"line":71,"column":0},"end":{"line":71,"column":null}},"20":{"start":{"line":72,"column":0},"end":{"line":80,"column":null}},"21":{"start":{"line":73,"column":0},"end":{"line":73,"column":null}},"22":{"start":{"line":74,"column":0},"end":{"line":74,"column":null}},"23":{"start":{"line":75,"column":0},"end":{"line":75,"column":null}},"24":{"start":{"line":76,"column":0},"end":{"line":76,"column":null}},"25":{"start":{"line":78,"column":0},"end":{"line":78,"column":null}},"26":{"start":{"line":79,"column":0},"end":{"line":79,"column":null}},"27":{"start":{"line":81,"column":0},"end":{"line":81,"column":null}},"28":{"start":{"line":82,"column":0},"end":{"line":82,"column":null}},"29":{"start":{"line":85,"column":0},"end":{"line":85,"column":null}}},"fnMap":{"0":{"name":"(anonymous_1)","decl":{"start":{"line":57,"column":0},"end":{"line":57,"column":null}},"loc":{"start":{"line":57,"column":0},"end":{"line":86,"column":null}}},"1":{"name":"(anonymous_2)","decl":{"start":{"line":61,"column":0},"end":{"line":61,"column":null}},"loc":{"start":{"line":61,"column":0},"end":{"line":61,"column":null}}},"2":{"name":"(anonymous_3)","decl":{"start":{"line":62,"column":0},"end":{"line":62,"column":null}},"loc":{"start":{"line":62,"column":0},"end":{"line":66,"column":null}}},"3":{"name":"(anonymous_4)","decl":{"start":{"line":69,"column":0},"end":{"line":69,"column":null}},"loc":{"start":{"line":69,"column":0},"end":{"line":83,"column":null}}},"4":{"name":"(anonymous_5)","decl":{"start":{"line":72,"column":0},"end":{"line":72,"column":null}},"loc":{"start":{"line":72,"column":0},"end":{"line":77,"column":null}}},"5":{"name":"(anonymous_6)","decl":{"start":{"line":77,"column":0},"end":{"line":77,"column":null}},"loc":{"start":{"line":77,"column":0},"end":{"line":80,"column":null}}}},"branchMap":{},"s":{"0":1,"1":1,"2":1,"3":1,"4":1,"5":1,"6":1,"7":1,"8":1,"9":1,"10":0,"11":0,"12":0,"13":0,"14":0,"15":0,"16":0,"17":0,"18":0,"19":0,"20":0,"21":0,"22":0,"23":0,"24":0,"25":0,"26":0,"27":0,"28":0,"29":0},"f":{"0":0,"1":0,"2":0,"3":0,"4":0,"5":0},"b":{}}
,"/Users/vtak/dev/skald/src/components/createpageaction/CreatePageAction.vue": {"path":"/Users/vtak/dev/skald/src/components/createpageaction/CreatePageAction.vue","statementMap":{"0":{"start":{"line":39,"column":0},"end":{"line":39,"column":null}},"1":{"start":{"line":40,"column":0},"end":{"line":40,"column":null}},"2":{"start":{"line":41,"column":0},"end":{"line":41,"column":null}},"3":{"start":{"line":42,"column":0},"end":{"line":42,"column":null}},"4":{"start":{"line":43,"column":0},"end":{"line":43,"column":null}},"5":{"start":{"line":44,"column":0},"end":{"line":44,"column":null}},"6":{"start":{"line":45,"column":0},"end":{"line":45,"column":null}},"7":{"start":{"line":46,"column":0},"end":{"line":46,"column":null}},"8":{"start":{"line":47,"column":0},"end":{"line":47,"column":null}},"9":{"start":{"line":51,"column":0},"end":{"line":51,"column":null}},"10":{"start":{"line":52,"column":0},"end":{"line":52,"column":null}},"11":{"start":{"line":53,"column":0},"end":{"line":53,"column":null}},"12":{"start":{"line":54,"column":0},"end":{"line":54,"column":null}},"13":{"start":{"line":55,"column":0},"end":{"line":103,"column":null}},"14":{"start":{"line":56,"column":0},"end":{"line":56,"column":null}},"15":{"start":{"line":57,"column":0},"end":{"line":65,"column":null}},"16":{"start":{"line":58,"column":0},"end":{"line":58,"column":null}},"17":{"start":{"line":63,"column":0},"end":{"line":63,"column":null}},"18":{"start":{"line":64,"column":0},"end":{"line":64,"column":null}},"19":{"start":{"line":66,"column":0},"end":{"line":66,"column":null}},"20":{"start":{"line":67,"column":0},"end":{"line":67,"column":null}},"21":{"start":{"line":68,"column":0},"end":{"line":101,"column":null}},"22":{"start":{"line":69,"column":0},"end":{"line":100,"column":null}},"23":{"start":{"line":70,"column":0},"end":{"line":70,"column":null}},"24":{"start":{"line":76,"column":0},"end":{"line":76,"column":null}},"25":{"start":{"line":78,"column":0},"end":{"line":84,"column":null}},"26":{"start":{"line":79,"column":0},"end":{"line":79,"column":null}},"27":{"start":{"line":83,"column":0},"end":{"line":83,"column":null}},"28":{"start":{"line":87,"column":0},"end":{"line":87,"column":null}},"29":{"start":{"line":96,"column":0},"end":{"line":99,"column":null}},"30":{"start":{"line":97,"column":0},"end":{"line":97,"column":null}},"31":{"start":{"line":98,"column":0},"end":{"line":98,"column":null}},"32":{"start":{"line":102,"column":0},"end":{"line":102,"column":null}},"33":{"start":{"line":105,"column":0},"end":{"line":105,"column":null}},"34":{"start":{"line":113,"column":0},"end":{"line":119,"column":null}},"35":{"start":{"line":114,"column":0},"end":{"line":114,"column":null}},"36":{"start":{"line":115,"column":0},"end":{"line":115,"column":null}},"37":{"start":{"line":116,"column":0},"end":{"line":116,"column":null}},"38":{"start":{"line":118,"column":0},"end":{"line":118,"column":null}},"39":{"start":{"line":122,"column":0},"end":{"line":122,"column":null}},"40":{"start":{"line":124,"column":0},"end":{"line":124,"column":null}}},"fnMap":{"0":{"name":"(anonymous_1)","decl":{"start":{"line":50,"column":0},"end":{"line":50,"column":null}},"loc":{"start":{"line":50,"column":0},"end":{"line":125,"column":null}}},"1":{"name":"(anonymous_2)","decl":{"start":{"line":53,"column":0},"end":{"line":53,"column":null}},"loc":{"start":{"line":53,"column":0},"end":{"line":53,"column":null}}},"2":{"name":"(anonymous_3)","decl":{"start":{"line":55,"column":0},"end":{"line":55,"column":null}},"loc":{"start":{"line":55,"column":0},"end":{"line":103,"column":null}}},"3":{"name":"(anonymous_4)","decl":{"start":{"line":68,"column":0},"end":{"line":68,"column":null}},"loc":{"start":{"line":68,"column":0},"end":{"line":101,"column":null}}},"4":{"name":"(anonymous_5)","decl":{"start":{"line":96,"column":0},"end":{"line":96,"column":null}},"loc":{"start":{"line":96,"column":0},"end":{"line":99,"column":null}}},"5":{"name":"launchDialog","decl":{"start":{"line":112,"column":0},"end":{"line":112,"column":null}},"loc":{"start":{"line":112,"column":0},"end":{"line":120,"column":null}}}},"branchMap":{"0":{"loc":{"start":{"line":57,"column":0},"end":{"line":65,"column":null}},"type":"if","locations":[{"start":{"line":57,"column":0},"end":{"line":65,"column":null}},{"start":{"line":57,"column":0},"end":{"line":65,"column":null}}]},"1":{"loc":{"start":{"line":69,"column":0},"end":{"line":100,"column":null}},"type":"if","locations":[{"start":{"line":69,"column":0},"end":{"line":100,"column":null}},{"start":{"line":69,"column":0},"end":{"line":100,"column":null}}]},"2":{"loc":{"start":{"line":78,"column":0},"end":{"line":84,"column":null}},"type":"if","locations":[{"start":{"line":78,"column":0},"end":{"line":84,"column":null}},{"start":{"line":78,"column":0},"end":{"line":84,"column":null}}]},"3":{"loc":{"start":{"line":113,"column":0},"end":{"line":119,"column":null}},"type":"if","locations":[{"start":{"line":113,"column":0},"end":{"line":119,"column":null}},{"start":{"line":113,"column":0},"end":{"line":119,"column":null}}]},"4":{"loc":{"start":{"line":116,"column":0},"end":{"line":116,"column":null}},"type":"if","locations":[{"start":{"line":116,"column":0},"end":{"line":116,"column":null}},{"start":{"line":116,"column":0},"end":{"line":116,"column":null}}]}},"s":{"0":2,"1":2,"2":2,"3":2,"4":2,"5":2,"6":2,"7":2,"8":2,"9":1,"10":1,"11":2,"12":1,"13":1,"14":0,"15":0,"16":0,"17":0,"18":0,"19":0,"20":0,"21":0,"22":0,"23":0,"24":0,"25":0,"26":0,"27":0,"28":0,"29":0,"30":0,"31":0,"32":0,"33":1,"34":0,"35":0,"36":0,"37":0,"38":0,"39":1,"40":1},"f":{"0":1,"1":1,"2":0,"3":0,"4":0,"5":0},"b":{"0":[0,0],"1":[0,0],"2":[0,0],"3":[0,0],"4":[0,0]}}
,"/Users/vtak/dev/skald/src/components/navigationdrawer/NavigationDrawer.vue": {"path":"/Users/vtak/dev/skald/src/components/navigationdrawer/NavigationDrawer.vue","statementMap":{"0":{"start":{"line":58,"column":0},"end":{"line":58,"column":null}},"1":{"start":{"line":59,"column":0},"end":{"line":59,"column":null}},"2":{"start":{"line":60,"column":0},"end":{"line":60,"column":null}},"3":{"start":{"line":61,"column":0},"end":{"line":61,"column":null}},"4":{"start":{"line":62,"column":0},"end":{"line":62,"column":null}},"5":{"start":{"line":63,"column":0},"end":{"line":63,"column":null}},"6":{"start":{"line":64,"column":0},"end":{"line":64,"column":null}},"7":{"start":{"line":65,"column":0},"end":{"line":65,"column":null}},"8":{"start":{"line":74,"column":0},"end":{"line":74,"column":null}},"9":{"start":{"line":75,"column":0},"end":{"line":75,"column":null}},"10":{"start":{"line":76,"column":0},"end":{"line":76,"column":null}},"11":{"start":{"line":77,"column":0},"end":{"line":77,"column":null}},"12":{"start":{"line":78,"column":0},"end":{"line":78,"column":null}},"13":{"start":{"line":82,"column":0},"end":{"line":82,"column":null}}},"fnMap":{"0":{"name":"(anonymous_1)","decl":{"start":{"line":73,"column":0},"end":{"line":73,"column":null}},"loc":{"start":{"line":73,"column":0},"end":{"line":83,"column":null}}},"1":{"name":"(anonymous_2)","decl":{"start":{"line":75,"column":0},"end":{"line":75,"column":null}},"loc":{"start":{"line":75,"column":0},"end":{"line":75,"column":null}}},"2":{"name":"(anonymous_3)","decl":{"start":{"line":76,"column":0},"end":{"line":76,"column":null}},"loc":{"start":{"line":76,"column":0},"end":{"line":76,"column":null}}},"3":{"name":"(anonymous_4)","decl":{"start":{"line":78,"column":0},"end":{"line":78,"column":null}},"loc":{"start":{"line":78,"column":0},"end":{"line":78,"column":null}}}},"branchMap":{"0":{"loc":{"start":{"line":78,"column":0},"end":{"line":78,"column":null}},"type":"binary-expr","locations":[{"start":{"line":78,"column":0},"end":{"line":78,"column":null}},{"start":{"line":78,"column":0},"end":{"line":78,"column":null}},{"start":{"line":78,"column":0},"end":{"line":78,"column":null}}]}},"s":{"0":1,"1":1,"2":1,"3":1,"4":1,"5":1,"6":1,"7":1,"8":1,"9":2,"10":1,"11":1,"12":1,"13":1},"f":{"0":1,"1":1,"2":0,"3":0},"b":{"0":[0,0,0]}}
,"/Users/vtak/dev/skald/src/components/page/ViewAttachment.vue": {"path":"/Users/vtak/dev/skald/src/components/page/ViewAttachment.vue","statementMap":{"0":{"start":{"line":29,"column":0},"end":{"line":29,"column":null}},"1":{"start":{"line":40,"column":0},"end":{"line":40,"column":null}},"2":{"start":{"line":46,"column":0},"end":{"line":46,"column":null}},"3":{"start":{"line":50,"column":0},"end":{"line":50,"column":null}},"4":{"start":{"line":55,"column":0},"end":{"line":55,"column":null}},"5":{"start":{"line":58,"column":0},"end":{"line":58,"column":null}},"6":{"start":{"line":59,"column":0},"end":{"line":67,"column":null}},"7":{"start":{"line":60,"column":0},"end":{"line":60,"column":null}},"8":{"start":{"line":61,"column":0},"end":{"line":61,"column":null}},"9":{"start":{"line":63,"column":0},"end":{"line":66,"column":null}},"10":{"start":{"line":64,"column":0},"end":{"line":64,"column":null}},"11":{"start":{"line":65,"column":0},"end":{"line":65,"column":null}},"12":{"start":{"line":66,"column":0},"end":{"line":66,"column":null}}},"fnMap":{"0":{"name":"(anonymous_1)","decl":{"start":{"line":40,"column":0},"end":{"line":40,"column":null}},"loc":{"start":{"line":40,"column":0},"end":{"line":40,"column":null}}},"1":{"name":"(anonymous_2)","decl":{"start":{"line":45,"column":0},"end":{"line":45,"column":null}},"loc":{"start":{"line":45,"column":0},"end":{"line":47,"column":null}}},"2":{"name":"(anonymous_3)","decl":{"start":{"line":49,"column":0},"end":{"line":49,"column":null}},"loc":{"start":{"line":49,"column":0},"end":{"line":51,"column":null}}},"3":{"name":"(anonymous_4)","decl":{"start":{"line":54,"column":0},"end":{"line":54,"column":null}},"loc":{"start":{"line":54,"column":0},"end":{"line":56,"column":null}}},"4":{"name":"(anonymous_5)","decl":{"start":{"line":57,"column":0},"end":{"line":57,"column":null}},"loc":{"start":{"line":57,"column":0},"end":{"line":68,"column":null}}},"5":{"name":"(anonymous_6)","decl":{"start":{"line":59,"column":0},"end":{"line":59,"column":null}},"loc":{"start":{"line":59,"column":0},"end":{"line":62,"column":null}}},"6":{"name":"(anonymous_7)","decl":{"start":{"line":62,"column":0},"end":{"line":62,"column":null}},"loc":{"start":{"line":62,"column":0},"end":{"line":67,"column":null}}}},"branchMap":{"0":{"loc":{"start":{"line":63,"column":0},"end":{"line":66,"column":null}},"type":"if","locations":[{"start":{"line":63,"column":0},"end":{"line":66,"column":null}},{"start":{"line":63,"column":0},"end":{"line":66,"column":null}}]},"1":{"loc":{"start":{"line":63,"column":0},"end":{"line":63,"column":null}},"type":"binary-expr","locations":[{"start":{"line":63,"column":0},"end":{"line":63,"column":null}},{"start":{"line":63,"column":0},"end":{"line":63,"column":null}}]}},"s":{"0":19,"1":0,"2":0,"3":0,"4":0,"5":0,"6":0,"7":0,"8":0,"9":0,"10":0,"11":0,"12":0},"f":{"0":0,"1":0,"2":0,"3":0,"4":0,"5":0,"6":0},"b":{"0":[0,0],"1":[0,0]}}
,"/Users/vtak/dev/skald/src/components/page/ViewUpload.vue": {"path":"/Users/vtak/dev/skald/src/components/page/ViewUpload.vue","statementMap":{"0":{"start":{"line":22,"column":0},"end":{"line":22,"column":null}},"1":{"start":{"line":23,"column":0},"end":{"line":23,"column":null}},"2":{"start":{"line":34,"column":0},"end":{"line":34,"column":null}},"3":{"start":{"line":41,"column":0},"end":{"line":41,"column":null}},"4":{"start":{"line":42,"column":0},"end":{"line":42,"column":null}},"5":{"start":{"line":43,"column":0},"end":{"line":43,"column":null}},"6":{"start":{"line":46,"column":0},"end":{"line":46,"column":null}},"7":{"start":{"line":49,"column":0},"end":{"line":49,"column":null}},"8":{"start":{"line":54,"column":0},"end":{"line":54,"column":null}},"9":{"start":{"line":55,"column":0},"end":{"line":65,"column":null}},"10":{"start":{"line":56,"column":0},"end":{"line":56,"column":null}},"11":{"start":{"line":57,"column":0},"end":{"line":57,"column":null}},"12":{"start":{"line":58,"column":0},"end":{"line":58,"column":null}},"13":{"start":{"line":60,"column":0},"end":{"line":63,"column":null}},"14":{"start":{"line":61,"column":0},"end":{"line":61,"column":null}},"15":{"start":{"line":62,"column":0},"end":{"line":62,"column":null}},"16":{"start":{"line":63,"column":0},"end":{"line":63,"column":null}},"17":{"start":{"line":64,"column":0},"end":{"line":64,"column":null}},"18":{"start":{"line":69,"column":0},"end":{"line":69,"column":null}}},"fnMap":{"0":{"name":"(anonymous_1)","decl":{"start":{"line":34,"column":0},"end":{"line":34,"column":null}},"loc":{"start":{"line":34,"column":0},"end":{"line":34,"column":null}}},"1":{"name":"(anonymous_2)","decl":{"start":{"line":40,"column":0},"end":{"line":40,"column":null}},"loc":{"start":{"line":40,"column":0},"end":{"line":44,"column":null}}},"2":{"name":"(anonymous_3)","decl":{"start":{"line":45,"column":0},"end":{"line":45,"column":null}},"loc":{"start":{"line":45,"column":0},"end":{"line":47,"column":null}}},"3":{"name":"(anonymous_4)","decl":{"start":{"line":48,"column":0},"end":{"line":48,"column":null}},"loc":{"start":{"line":48,"column":0},"end":{"line":50,"column":null}}},"4":{"name":"(anonymous_5)","decl":{"start":{"line":53,"column":0},"end":{"line":53,"column":null}},"loc":{"start":{"line":53,"column":0},"end":{"line":66,"column":null}}},"5":{"name":"(anonymous_6)","decl":{"start":{"line":55,"column":0},"end":{"line":55,"column":null}},"loc":{"start":{"line":55,"column":0},"end":{"line":59,"column":null}}},"6":{"name":"(anonymous_7)","decl":{"start":{"line":59,"column":0},"end":{"line":59,"column":null}},"loc":{"start":{"line":59,"column":0},"end":{"line":65,"column":null}}},"7":{"name":"(anonymous_8)","decl":{"start":{"line":68,"column":0},"end":{"line":68,"column":null}},"loc":{"start":{"line":68,"column":0},"end":{"line":70,"column":null}}}},"branchMap":{"0":{"loc":{"start":{"line":41,"column":0},"end":{"line":41,"column":null}},"type":"if","locations":[{"start":{"line":41,"column":0},"end":{"line":41,"column":null}},{"start":{"line":41,"column":0},"end":{"line":41,"column":null}}]},"1":{"loc":{"start":{"line":42,"column":0},"end":{"line":42,"column":null}},"type":"if","locations":[{"start":{"line":42,"column":0},"end":{"line":42,"column":null}},{"start":{"line":42,"column":0},"end":{"line":42,"column":null}}]},"2":{"loc":{"start":{"line":60,"column":0},"end":{"line":63,"column":null}},"type":"if","locations":[{"start":{"line":60,"column":0},"end":{"line":63,"column":null}},{"start":{"line":60,"column":0},"end":{"line":63,"column":null}}]},"3":{"loc":{"start":{"line":60,"column":0},"end":{"line":60,"column":null}},"type":"binary-expr","locations":[{"start":{"line":60,"column":0},"end":{"line":60,"column":null}},{"start":{"line":60,"column":0},"end":{"line":60,"column":null}}]}},"s":{"0":19,"1":19,"2":0,"3":0,"4":0,"5":0,"6":0,"7":0,"8":0,"9":0,"10":0,"11":0,"12":0,"13":0,"14":0,"15":0,"16":0,"17":0,"18":0},"f":{"0":0,"1":0,"2":0,"3":0,"4":0,"5":0,"6":0,"7":0},"b":{"0":[0,0],"1":[0,0],"2":[0,0],"3":[0,0]}}
,"/Users/vtak/dev/skald/src/components/page/WikiContent.vue": {"path":"/Users/vtak/dev/skald/src/components/page/WikiContent.vue","statementMap":{"0":{"start":{"line":8,"column":0},"end":{"line":8,"column":null}},"1":{"start":{"line":9,"column":0},"end":{"line":9,"column":null}},"2":{"start":{"line":10,"column":0},"end":{"line":10,"column":null}},"3":{"start":{"line":11,"column":0},"end":{"line":11,"column":null}},"4":{"start":{"line":12,"column":0},"end":{"line":12,"column":null}},"5":{"start":{"line":13,"column":0},"end":{"line":13,"column":null}},"6":{"start":{"line":15,"column":0},"end":{"line":15,"column":null}},"7":{"start":{"line":16,"column":0},"end":{"line":16,"column":null}},"8":{"start":{"line":26,"column":0},"end":{"line":26,"column":null}},"9":{"start":{"line":29,"column":0},"end":{"line":29,"column":null}},"10":{"start":{"line":30,"column":0},"end":{"line":44,"column":null}},"11":{"start":{"line":31,"column":0},"end":{"line":31,"column":null}},"12":{"start":{"line":32,"column":0},"end":{"line":42,"column":null}},"13":{"start":{"line":33,"column":0},"end":{"line":33,"column":null}},"14":{"start":{"line":34,"column":0},"end":{"line":34,"column":null}},"15":{"start":{"line":35,"column":0},"end":{"line":35,"column":null}},"16":{"start":{"line":36,"column":0},"end":{"line":36,"column":null}},"17":{"start":{"line":37,"column":0},"end":{"line":37,"column":null}},"18":{"start":{"line":38,"column":0},"end":{"line":38,"column":null}},"19":{"start":{"line":39,"column":0},"end":{"line":39,"column":null}},"20":{"start":{"line":40,"column":0},"end":{"line":40,"column":null}},"21":{"start":{"line":41,"column":0},"end":{"line":41,"column":null}},"22":{"start":{"line":43,"column":0},"end":{"line":43,"column":null}},"23":{"start":{"line":48,"column":0},"end":{"line":48,"column":null}},"24":{"start":{"line":49,"column":0},"end":{"line":56,"column":null}},"25":{"start":{"line":50,"column":0},"end":{"line":50,"column":null}},"26":{"start":{"line":51,"column":0},"end":{"line":54,"column":null}},"27":{"start":{"line":52,"column":0},"end":{"line":52,"column":null}},"28":{"start":{"line":53,"column":0},"end":{"line":53,"column":null}},"29":{"start":{"line":55,"column":0},"end":{"line":55,"column":null}},"30":{"start":{"line":61,"column":0},"end":{"line":61,"column":null}},"31":{"start":{"line":62,"column":0},"end":{"line":73,"column":null}},"32":{"start":{"line":63,"column":0},"end":{"line":63,"column":null}},"33":{"start":{"line":64,"column":0},"end":{"line":64,"column":null}},"34":{"start":{"line":65,"column":0},"end":{"line":65,"column":null}},"35":{"start":{"line":66,"column":0},"end":{"line":66,"column":null}},"36":{"start":{"line":67,"column":0},"end":{"line":70,"column":null}},"37":{"start":{"line":68,"column":0},"end":{"line":68,"column":null}},"38":{"start":{"line":69,"column":0},"end":{"line":69,"column":null}},"39":{"start":{"line":71,"column":0},"end":{"line":71,"column":null}},"40":{"start":{"line":72,"column":0},"end":{"line":72,"column":null}},"41":{"start":{"line":74,"column":0},"end":{"line":74,"column":null}},"42":{"start":{"line":77,"column":0},"end":{"line":85,"column":null}},"43":{"start":{"line":78,"column":0},"end":{"line":78,"column":null}},"44":{"start":{"line":79,"column":0},"end":{"line":79,"column":null}},"45":{"start":{"line":80,"column":0},"end":{"line":80,"column":null}},"46":{"start":{"line":81,"column":0},"end":{"line":81,"column":null}},"47":{"start":{"line":82,"column":0},"end":{"line":82,"column":null}},"48":{"start":{"line":86,"column":0},"end":{"line":86,"column":null}}},"fnMap":{"0":{"name":"(anonymous_1)","decl":{"start":{"line":25,"column":0},"end":{"line":25,"column":null}},"loc":{"start":{"line":25,"column":0},"end":{"line":87,"column":null}}},"1":{"name":"attachLinks","decl":{"start":{"line":28,"column":0},"end":{"line":28,"column":null}},"loc":{"start":{"line":28,"column":0},"end":{"line":45,"column":null}}},"2":{"name":"(anonymous_3)","decl":{"start":{"line":30,"column":0},"end":{"line":30,"column":null}},"loc":{"start":{"line":30,"column":0},"end":{"line":44,"column":null}}},"3":{"name":"fileLinks","decl":{"start":{"line":47,"column":0},"end":{"line":47,"column":null}},"loc":{"start":{"line":47,"column":0},"end":{"line":57,"column":null}}},"4":{"name":"(anonymous_5)","decl":{"start":{"line":49,"column":0},"end":{"line":49,"column":null}},"loc":{"start":{"line":49,"column":0},"end":{"line":56,"column":null}}},"5":{"name":"rendWikiLinks","decl":{"start":{"line":59,"column":0},"end":{"line":59,"column":null}},"loc":{"start":{"line":59,"column":0},"end":{"line":75,"column":null}}},"6":{"name":"(anonymous_7)","decl":{"start":{"line":62,"column":0},"end":{"line":62,"column":null}},"loc":{"start":{"line":62,"column":0},"end":{"line":73,"column":null}}},"7":{"name":"(anonymous_8)","decl":{"start":{"line":77,"column":0},"end":{"line":77,"column":null}},"loc":{"start":{"line":77,"column":0},"end":{"line":85,"column":null}}}},"branchMap":{"0":{"loc":{"start":{"line":32,"column":0},"end":{"line":42,"column":null}},"type":"if","locations":[{"start":{"line":32,"column":0},"end":{"line":42,"column":null}},{"start":{"line":32,"column":0},"end":{"line":42,"column":null}}]},"1":{"loc":{"start":{"line":34,"column":0},"end":{"line":34,"column":null}},"type":"if","locations":[{"start":{"line":34,"column":0},"end":{"line":34,"column":null}},{"start":{"line":34,"column":0},"end":{"line":34,"column":null}}]},"2":{"loc":{"start":{"line":35,"column":0},"end":{"line":35,"column":null}},"type":"if","locations":[{"start":{"line":35,"column":0},"end":{"line":35,"column":null}},{"start":{"line":35,"column":0},"end":{"line":35,"column":null}}]},"3":{"loc":{"start":{"line":36,"column":0},"end":{"line":36,"column":null}},"type":"if","locations":[{"start":{"line":36,"column":0},"end":{"line":36,"column":null}},{"start":{"line":36,"column":0},"end":{"line":36,"column":null}}]},"4":{"loc":{"start":{"line":39,"column":0},"end":{"line":39,"column":null}},"type":"if","locations":[{"start":{"line":39,"column":0},"end":{"line":39,"column":null}},{"start":{"line":39,"column":0},"end":{"line":39,"column":null}}]},"5":{"loc":{"start":{"line":40,"column":0},"end":{"line":40,"column":null}},"type":"if","locations":[{"start":{"line":40,"column":0},"end":{"line":40,"column":null}},{"start":{"line":40,"column":0},"end":{"line":40,"column":null}}]},"6":{"loc":{"start":{"line":51,"column":0},"end":{"line":54,"column":null}},"type":"if","locations":[{"start":{"line":51,"column":0},"end":{"line":54,"column":null}},{"start":{"line":51,"column":0},"end":{"line":54,"column":null}}]},"7":{"loc":{"start":{"line":64,"column":0},"end":{"line":64,"column":null}},"type":"cond-expr","locations":[{"start":{"line":64,"column":0},"end":{"line":64,"column":null}},{"start":{"line":64,"column":0},"end":{"line":64,"column":null}}]},"8":{"loc":{"start":{"line":67,"column":0},"end":{"line":70,"column":null}},"type":"if","locations":[{"start":{"line":67,"column":0},"end":{"line":70,"column":null}},{"start":{"line":67,"column":0},"end":{"line":70,"column":null}}]}},"s":{"0":19,"1":19,"2":19,"3":19,"4":19,"5":19,"6":19,"7":19,"8":1,"9":1,"10":1,"11":0,"12":0,"13":0,"14":0,"15":0,"16":0,"17":0,"18":0,"19":0,"20":0,"21":0,"22":0,"23":1,"24":1,"25":0,"26":0,"27":0,"28":0,"29":0,"30":1,"31":1,"32":0,"33":0,"34":0,"35":0,"36":0,"37":0,"38":0,"39":0,"40":0,"41":1,"42":1,"43":1,"44":1,"45":1,"46":1,"47":1,"48":1},"f":{"0":1,"1":1,"2":0,"3":1,"4":0,"5":1,"6":0,"7":1},"b":{"0":[0,0],"1":[0,0],"2":[0,0],"3":[0,0],"4":[0,0],"5":[0,0],"6":[0,0],"7":[0,0],"8":[0,0]}}
,"/Users/vtak/dev/skald/src/components/pagelog/PagelogCard.vue": {"path":"/Users/vtak/dev/skald/src/components/pagelog/PagelogCard.vue","statementMap":{"0":{"start":{"line":13,"column":0},"end":{"line":13,"column":null}},"1":{"start":{"line":14,"column":0},"end":{"line":14,"column":null}},"2":{"start":{"line":15,"column":0},"end":{"line":15,"column":null}},"3":{"start":{"line":16,"column":0},"end":{"line":16,"column":null}}},"fnMap":{"0":{"name":"(anonymous_1)","decl":{"start":{"line":28,"column":0},"end":{"line":28,"column":null}},"loc":{"start":{"line":28,"column":0},"end":{"line":28,"column":null}}}},"branchMap":{},"s":{"0":19,"1":19,"2":19,"3":19},"f":{"0":1},"b":{}}
,"/Users/vtak/dev/skald/src/components/pagelog/PagelogItem.vue": {"path":"/Users/vtak/dev/skald/src/components/pagelog/PagelogItem.vue","statementMap":{"0":{"start":{"line":16,"column":0},"end":{"line":16,"column":null}},"1":{"start":{"line":17,"column":0},"end":{"line":17,"column":null}},"2":{"start":{"line":18,"column":0},"end":{"line":18,"column":null}},"3":{"start":{"line":28,"column":0},"end":{"line":34,"column":null}},"4":{"start":{"line":29,"column":0},"end":{"line":29,"column":null}},"5":{"start":{"line":30,"column":0},"end":{"line":30,"column":null}},"6":{"start":{"line":31,"column":0},"end":{"line":31,"column":null}},"7":{"start":{"line":32,"column":0},"end":{"line":32,"column":null}},"8":{"start":{"line":33,"column":0},"end":{"line":33,"column":null}},"9":{"start":{"line":35,"column":0},"end":{"line":35,"column":null}}},"fnMap":{"0":{"name":"(anonymous_1)","decl":{"start":{"line":27,"column":0},"end":{"line":27,"column":null}},"loc":{"start":{"line":27,"column":0},"end":{"line":36,"column":null}}},"1":{"name":"(anonymous_2)","decl":{"start":{"line":28,"column":0},"end":{"line":28,"column":null}},"loc":{"start":{"line":28,"column":0},"end":{"line":34,"column":null}}}},"branchMap":{"0":{"loc":{"start":{"line":29,"column":0},"end":{"line":29,"column":null}},"type":"if","locations":[{"start":{"line":29,"column":0},"end":{"line":29,"column":null}},{"start":{"line":29,"column":0},"end":{"line":29,"column":null}}]}},"s":{"0":20,"1":20,"2":20,"3":1,"4":1,"5":1,"6":1,"7":1,"8":1,"9":1},"f":{"0":1,"1":1},"b":{"0":[1,2]}}
,"/Users/vtak/dev/skald/src/components/pagelog/PagelogList.vue": {"path":"/Users/vtak/dev/skald/src/components/pagelog/PagelogList.vue","statementMap":{"0":{"start":{"line":12,"column":0},"end":{"line":12,"column":null}},"1":{"start":{"line":13,"column":0},"end":{"line":13,"column":null}},"2":{"start":{"line":14,"column":0},"end":{"line":14,"column":null}},"3":{"start":{"line":15,"column":0},"end":{"line":15,"column":null}},"4":{"start":{"line":16,"column":0},"end":{"line":16,"column":null}},"5":{"start":{"line":33,"column":0},"end":{"line":33,"column":null}},"6":{"start":{"line":34,"column":0},"end":{"line":39,"column":null}},"7":{"start":{"line":35,"column":0},"end":{"line":35,"column":null}},"8":{"start":{"line":36,"column":0},"end":{"line":36,"column":null}},"9":{"start":{"line":37,"column":0},"end":{"line":37,"column":null}},"10":{"start":{"line":38,"column":0},"end":{"line":38,"column":null}},"11":{"start":{"line":40,"column":0},"end":{"line":40,"column":null}}},"fnMap":{"0":{"name":"(anonymous_1)","decl":{"start":{"line":32,"column":0},"end":{"line":32,"column":null}},"loc":{"start":{"line":32,"column":0},"end":{"line":41,"column":null}}},"1":{"name":"(anonymous_2)","decl":{"start":{"line":34,"column":0},"end":{"line":34,"column":null}},"loc":{"start":{"line":34,"column":0},"end":{"line":39,"column":null}}}},"branchMap":{"0":{"loc":{"start":{"line":35,"column":0},"end":{"line":35,"column":null}},"type":"if","locations":[{"start":{"line":35,"column":0},"end":{"line":35,"column":null}},{"start":{"line":35,"column":0},"end":{"line":35,"column":null}}]},"1":{"loc":{"start":{"line":37,"column":0},"end":{"line":37,"column":null}},"type":"cond-expr","locations":[{"start":{"line":37,"column":0},"end":{"line":37,"column":null}},{"start":{"line":37,"column":0},"end":{"line":37,"column":null}}]}},"s":{"0":19,"1":19,"2":19,"3":19,"4":19,"5":1,"6":1,"7":204,"8":0,"9":0,"10":0,"11":1},"f":{"0":1,"1":102},"b":{"0":[102,0],"1":[0,0]}}
,"/Users/vtak/dev/skald/src/components/playerlist/PlayerList.vue": {"path":"/Users/vtak/dev/skald/src/components/playerlist/PlayerList.vue","statementMap":{"0":{"start":{"line":23,"column":0},"end":{"line":23,"column":null}},"1":{"start":{"line":24,"column":0},"end":{"line":24,"column":null}},"2":{"start":{"line":25,"column":0},"end":{"line":25,"column":null}},"3":{"start":{"line":26,"column":0},"end":{"line":26,"column":null}},"4":{"start":{"line":27,"column":0},"end":{"line":27,"column":null}},"5":{"start":{"line":28,"column":0},"end":{"line":28,"column":null}},"6":{"start":{"line":29,"column":0},"end":{"line":29,"column":null}},"7":{"start":{"line":30,"column":0},"end":{"line":30,"column":null}},"8":{"start":{"line":32,"column":0},"end":{"line":32,"column":null}},"9":{"start":{"line":39,"column":0},"end":{"line":39,"column":null}},"10":{"start":{"line":40,"column":0},"end":{"line":40,"column":null}},"11":{"start":{"line":41,"column":0},"end":{"line":41,"column":null}},"12":{"start":{"line":42,"column":0},"end":{"line":45,"column":null}},"13":{"start":{"line":47,"column":0},"end":{"line":53,"column":null}},"14":{"start":{"line":48,"column":0},"end":{"line":48,"column":null}},"15":{"start":{"line":49,"column":0},"end":{"line":49,"column":null}},"16":{"start":{"line":50,"column":0},"end":{"line":52,"column":null}},"17":{"start":{"line":51,"column":0},"end":{"line":51,"column":null}},"18":{"start":{"line":54,"column":0},"end":{"line":54,"column":null}}},"fnMap":{"0":{"name":"(anonymous_1)","decl":{"start":{"line":38,"column":0},"end":{"line":38,"column":null}},"loc":{"start":{"line":38,"column":0},"end":{"line":55,"column":null}}},"1":{"name":"(anonymous_2)","decl":{"start":{"line":47,"column":0},"end":{"line":47,"column":null}},"loc":{"start":{"line":47,"column":0},"end":{"line":53,"column":null}}},"2":{"name":"(anonymous_3)","decl":{"start":{"line":50,"column":0},"end":{"line":50,"column":null}},"loc":{"start":{"line":50,"column":0},"end":{"line":52,"column":null}}}},"branchMap":{},"s":{"0":2,"1":2,"2":2,"3":2,"4":2,"5":2,"6":2,"7":2,"8":2,"9":1,"10":1,"11":1,"12":1,"13":1,"14":0,"15":0,"16":0,"17":0,"18":1},"f":{"0":1,"1":0,"2":0},"b":{}}
,"/Users/vtak/dev/skald/src/components/playerlist/PlayerTagsDialog.vue": {"path":"/Users/vtak/dev/skald/src/components/playerlist/PlayerTagsDialog.vue","statementMap":{"0":{"start":{"line":61,"column":0},"end":{"line":61,"column":null}},"1":{"start":{"line":62,"column":0},"end":{"line":62,"column":null}},"2":{"start":{"line":63,"column":0},"end":{"line":63,"column":null}},"3":{"start":{"line":64,"column":0},"end":{"line":64,"column":null}},"4":{"start":{"line":65,"column":0},"end":{"line":65,"column":null}},"5":{"start":{"line":66,"column":0},"end":{"line":66,"column":null}},"6":{"start":{"line":67,"column":0},"end":{"line":67,"column":null}},"7":{"start":{"line":68,"column":0},"end":{"line":68,"column":null}},"8":{"start":{"line":82,"column":0},"end":{"line":82,"column":null}},"9":{"start":{"line":83,"column":0},"end":{"line":83,"column":null}},"10":{"start":{"line":84,"column":0},"end":{"line":84,"column":null}},"11":{"start":{"line":85,"column":0},"end":{"line":85,"column":null}},"12":{"start":{"line":86,"column":0},"end":{"line":86,"column":null}},"13":{"start":{"line":87,"column":0},"end":{"line":87,"column":null}},"14":{"start":{"line":88,"column":0},"end":{"line":98,"column":null}},"15":{"start":{"line":89,"column":0},"end":{"line":89,"column":null}},"16":{"start":{"line":90,"column":0},"end":{"line":96,"column":null}},"17":{"start":{"line":91,"column":0},"end":{"line":95,"column":null}},"18":{"start":{"line":92,"column":0},"end":{"line":92,"column":null}},"19":{"start":{"line":93,"column":0},"end":{"line":95,"column":null}},"20":{"start":{"line":94,"column":0},"end":{"line":94,"column":null}},"21":{"start":{"line":97,"column":0},"end":{"line":97,"column":null}},"22":{"start":{"line":101,"column":0},"end":{"line":101,"column":null}},"23":{"start":{"line":103,"column":0},"end":{"line":103,"column":null}},"24":{"start":{"line":104,"column":0},"end":{"line":104,"column":null}},"25":{"start":{"line":106,"column":0},"end":{"line":106,"column":null}},"26":{"start":{"line":108,"column":0},"end":{"line":108,"column":null}},"27":{"start":{"line":109,"column":0},"end":{"line":111,"column":null}},"28":{"start":{"line":110,"column":0},"end":{"line":110,"column":null}},"29":{"start":{"line":114,"column":0},"end":{"line":126,"column":null}},"30":{"start":{"line":117,"column":0},"end":{"line":119,"column":null}},"31":{"start":{"line":118,"column":0},"end":{"line":118,"column":null}},"32":{"start":{"line":121,"column":0},"end":{"line":121,"column":null}},"33":{"start":{"line":122,"column":0},"end":{"line":122,"column":null}},"34":{"start":{"line":123,"column":0},"end":{"line":125,"column":null}},"35":{"start":{"line":124,"column":0},"end":{"line":124,"column":null}},"36":{"start":{"line":129,"column":0},"end":{"line":129,"column":null}},"37":{"start":{"line":130,"column":0},"end":{"line":130,"column":null}},"38":{"start":{"line":132,"column":0},"end":{"line":132,"column":null}}},"fnMap":{"0":{"name":"(anonymous_1)","decl":{"start":{"line":81,"column":0},"end":{"line":81,"column":null}},"loc":{"start":{"line":81,"column":0},"end":{"line":133,"column":null}}},"1":{"name":"(anonymous_2)","decl":{"start":{"line":84,"column":0},"end":{"line":84,"column":null}},"loc":{"start":{"line":84,"column":0},"end":{"line":84,"column":null}}},"2":{"name":"(anonymous_3)","decl":{"start":{"line":88,"column":0},"end":{"line":88,"column":null}},"loc":{"start":{"line":88,"column":0},"end":{"line":98,"column":null}}},"3":{"name":"(anonymous_4)","decl":{"start":{"line":90,"column":0},"end":{"line":90,"column":null}},"loc":{"start":{"line":90,"column":0},"end":{"line":96,"column":null}}},"4":{"name":"addTag","decl":{"start":{"line":99,"column":0},"end":{"line":99,"column":null}},"loc":{"start":{"line":99,"column":0},"end":{"line":112,"column":null}}},"5":{"name":"(anonymous_6)","decl":{"start":{"line":109,"column":0},"end":{"line":109,"column":null}},"loc":{"start":{"line":109,"column":0},"end":{"line":111,"column":null}}},"6":{"name":"dropTag","decl":{"start":{"line":113,"column":0},"end":{"line":113,"column":null}},"loc":{"start":{"line":113,"column":0},"end":{"line":127,"column":null}}},"7":{"name":"(anonymous_8)","decl":{"start":{"line":117,"column":0},"end":{"line":117,"column":null}},"loc":{"start":{"line":117,"column":0},"end":{"line":119,"column":null}}},"8":{"name":"(anonymous_9)","decl":{"start":{"line":123,"column":0},"end":{"line":123,"column":null}},"loc":{"start":{"line":123,"column":0},"end":{"line":125,"column":null}}},"9":{"name":"addNewTag","decl":{"start":{"line":128,"column":0},"end":{"line":128,"column":null}},"loc":{"start":{"line":128,"column":0},"end":{"line":131,"column":null}}}},"branchMap":{"0":{"loc":{"start":{"line":91,"column":0},"end":{"line":95,"column":null}},"type":"if","locations":[{"start":{"line":91,"column":0},"end":{"line":95,"column":null}},{"start":{"line":91,"column":0},"end":{"line":95,"column":null}}]},"1":{"loc":{"start":{"line":91,"column":0},"end":{"line":91,"column":null}},"type":"binary-expr","locations":[{"start":{"line":91,"column":0},"end":{"line":91,"column":null}},{"start":{"line":91,"column":0},"end":{"line":91,"column":null}}]},"2":{"loc":{"start":{"line":93,"column":0},"end":{"line":95,"column":null}},"type":"if","locations":[{"start":{"line":93,"column":0},"end":{"line":95,"column":null}},{"start":{"line":93,"column":0},"end":{"line":95,"column":null}}]},"3":{"loc":{"start":{"line":101,"column":0},"end":{"line":101,"column":null}},"type":"if","locations":[{"start":{"line":101,"column":0},"end":{"line":101,"column":null}},{"start":{"line":101,"column":0},"end":{"line":101,"column":null}}]},"4":{"loc":{"start":{"line":101,"column":0},"end":{"line":101,"column":null}},"type":"binary-expr","locations":[{"start":{"line":101,"column":0},"end":{"line":101,"column":null}},{"start":{"line":101,"column":0},"end":{"line":101,"column":null}},{"start":{"line":101,"column":0},"end":{"line":101,"column":null}}]},"5":{"loc":{"start":{"line":106,"column":0},"end":{"line":106,"column":null}},"type":"if","locations":[{"start":{"line":106,"column":0},"end":{"line":106,"column":null}},{"start":{"line":106,"column":0},"end":{"line":106,"column":null}}]},"6":{"loc":{"start":{"line":114,"column":0},"end":{"line":126,"column":null}},"type":"if","locations":[{"start":{"line":114,"column":0},"end":{"line":126,"column":null}},{"start":{"line":114,"column":0},"end":{"line":126,"column":null}}]},"7":{"loc":{"start":{"line":114,"column":0},"end":{"line":114,"column":null}},"type":"binary-expr","locations":[{"start":{"line":114,"column":0},"end":{"line":114,"column":null}},{"start":{"line":114,"column":0},"end":{"line":114,"column":null}},{"start":{"line":114,"column":0},"end":{"line":114,"column":null}}]},"8":{"loc":{"start":{"line":129,"column":0},"end":{"line":129,"column":null}},"type":"if","locations":[{"start":{"line":129,"column":0},"end":{"line":129,"column":null}},{"start":{"line":129,"column":0},"end":{"line":129,"column":null}}]}},"s":{"0":3,"1":3,"2":3,"3":3,"4":3,"5":3,"6":3,"7":3,"8":1,"9":1,"10":2,"11":1,"12":1,"13":1,"14":1,"15":0,"16":0,"17":0,"18":0,"19":0,"20":0,"21":0,"22":0,"23":0,"24":0,"25":0,"26":0,"27":0,"28":0,"29":0,"30":0,"31":0,"32":0,"33":0,"34":0,"35":0,"36":0,"37":0,"38":1},"f":{"0":1,"1":1,"2":0,"3":0,"4":0,"5":0,"6":0,"7":0,"8":0,"9":0},"b":{"0":[0,0],"1":[0,0],"2":[0,0],"3":[0,0],"4":[0,0,0],"5":[0,0],"6":[0,0],"7":[0,0,0],"8":[0,0]}}
,"/Users/vtak/dev/skald/src/components/site/PlayerRowItem.vue": {"path":"/Users/vtak/dev/skald/src/components/site/PlayerRowItem.vue","statementMap":{"0":{"start":{"line":37,"column":0},"end":{"line":37,"column":null}},"1":{"start":{"line":38,"column":0},"end":{"line":38,"column":null}},"2":{"start":{"line":39,"column":0},"end":{"line":39,"column":null}},"3":{"start":{"line":40,"column":0},"end":{"line":40,"column":null}},"4":{"start":{"line":42,"column":0},"end":{"line":42,"column":null}},"5":{"start":{"line":64,"column":0},"end":{"line":64,"column":null}},"6":{"start":{"line":66,"column":0},"end":{"line":81,"column":null}},"7":{"start":{"line":67,"column":0},"end":{"line":67,"column":null}},"8":{"start":{"line":68,"column":0},"end":{"line":68,"column":null}},"9":{"start":{"line":71,"column":0},"end":{"line":80,"column":null}},"10":{"start":{"line":72,"column":0},"end":{"line":79,"column":null}},"11":{"start":{"line":73,"column":0},"end":{"line":73,"column":null}},"12":{"start":{"line":74,"column":0},"end":{"line":74,"column":null}},"13":{"start":{"line":75,"column":0},"end":{"line":78,"column":null}},"14":{"start":{"line":76,"column":0},"end":{"line":76,"column":null}},"15":{"start":{"line":77,"column":0},"end":{"line":77,"column":null}},"16":{"start":{"line":83,"column":0},"end":{"line":99,"column":null}},"17":{"start":{"line":84,"column":0},"end":{"line":84,"column":null}},"18":{"start":{"line":85,"column":0},"end":{"line":85,"column":null}},"19":{"start":{"line":88,"column":0},"end":{"line":98,"column":null}},"20":{"start":{"line":89,"column":0},"end":{"line":97,"column":null}},"21":{"start":{"line":90,"column":0},"end":{"line":90,"column":null}},"22":{"start":{"line":91,"column":0},"end":{"line":91,"column":null}},"23":{"start":{"line":92,"column":0},"end":{"line":92,"column":null}},"24":{"start":{"line":93,"column":0},"end":{"line":96,"column":null}},"25":{"start":{"line":94,"column":0},"end":{"line":94,"column":null}},"26":{"start":{"line":95,"column":0},"end":{"line":95,"column":null}},"27":{"start":{"line":101,"column":0},"end":{"line":106,"column":null}},"28":{"start":{"line":102,"column":0},"end":{"line":102,"column":null}},"29":{"start":{"line":103,"column":0},"end":{"line":103,"column":null}},"30":{"start":{"line":105,"column":0},"end":{"line":105,"column":null}},"31":{"start":{"line":108,"column":0},"end":{"line":108,"column":null}}},"fnMap":{"0":{"name":"(anonymous_1)","decl":{"start":{"line":63,"column":0},"end":{"line":63,"column":null}},"loc":{"start":{"line":63,"column":0},"end":{"line":109,"column":null}}},"1":{"name":"(anonymous_2)","decl":{"start":{"line":66,"column":0},"end":{"line":66,"column":null}},"loc":{"start":{"line":66,"column":0},"end":{"line":81,"column":null}}},"2":{"name":"(anonymous_3)","decl":{"start":{"line":71,"column":0},"end":{"line":71,"column":null}},"loc":{"start":{"line":71,"column":0},"end":{"line":80,"column":null}}},"3":{"name":"(anonymous_4)","decl":{"start":{"line":83,"column":0},"end":{"line":83,"column":null}},"loc":{"start":{"line":83,"column":0},"end":{"line":99,"column":null}}},"4":{"name":"(anonymous_5)","decl":{"start":{"line":88,"column":0},"end":{"line":88,"column":null}},"loc":{"start":{"line":88,"column":0},"end":{"line":98,"column":null}}},"5":{"name":"(anonymous_6)","decl":{"start":{"line":92,"column":0},"end":{"line":92,"column":null}},"loc":{"start":{"line":92,"column":0},"end":{"line":92,"column":null}}},"6":{"name":"(anonymous_7)","decl":{"start":{"line":101,"column":0},"end":{"line":101,"column":null}},"loc":{"start":{"line":101,"column":0},"end":{"line":106,"column":null}}}},"branchMap":{"0":{"loc":{"start":{"line":72,"column":0},"end":{"line":79,"column":null}},"type":"if","locations":[{"start":{"line":72,"column":0},"end":{"line":79,"column":null}},{"start":{"line":72,"column":0},"end":{"line":79,"column":null}}]},"1":{"loc":{"start":{"line":74,"column":0},"end":{"line":74,"column":null}},"type":"if","locations":[{"start":{"line":74,"column":0},"end":{"line":74,"column":null}},{"start":{"line":74,"column":0},"end":{"line":74,"column":null}}]},"2":{"loc":{"start":{"line":75,"column":0},"end":{"line":78,"column":null}},"type":"if","locations":[{"start":{"line":75,"column":0},"end":{"line":78,"column":null}},{"start":{"line":75,"column":0},"end":{"line":78,"column":null}}]},"3":{"loc":{"start":{"line":89,"column":0},"end":{"line":97,"column":null}},"type":"if","locations":[{"start":{"line":89,"column":0},"end":{"line":97,"column":null}},{"start":{"line":89,"column":0},"end":{"line":97,"column":null}}]},"4":{"loc":{"start":{"line":91,"column":0},"end":{"line":91,"column":null}},"type":"if","locations":[{"start":{"line":91,"column":0},"end":{"line":91,"column":null}},{"start":{"line":91,"column":0},"end":{"line":91,"column":null}}]},"5":{"loc":{"start":{"line":93,"column":0},"end":{"line":96,"column":null}},"type":"if","locations":[{"start":{"line":93,"column":0},"end":{"line":96,"column":null}},{"start":{"line":93,"column":0},"end":{"line":96,"column":null}}]}},"s":{"0":1,"1":1,"2":1,"3":1,"4":1,"5":0,"6":0,"7":0,"8":0,"9":0,"10":0,"11":0,"12":0,"13":0,"14":0,"15":0,"16":0,"17":0,"18":0,"19":0,"20":0,"21":0,"22":0,"23":0,"24":0,"25":0,"26":0,"27":0,"28":0,"29":0,"30":0,"31":0},"f":{"0":0,"1":0,"2":0,"3":0,"4":0,"5":0,"6":0},"b":{"0":[0,0],"1":[0,0],"2":[0,0],"3":[0,0],"4":[0,0],"5":[0,0]}}
[...]
{"line":78,"column":1}}},"2":{"name":"(anonymous_2)","decl":{"start":{"line":61,"column":37},"end":{"line":61,"column":47}},"loc":{"start":{"line":61,"column":62},"end":{"line":77,"column":3}}},"3":{"name":"(anonymous_3)","decl":{"start":{"line":68,"column":34},"end":{"line":68,"column":35}},"loc":{"start":{"line":68,"column":45},"end":{"line":73,"column":5}}},"4":{"name":"(anonymous_4)","decl":{"start":{"line":73,"column":13},"end":{"line":73,"column":14}},"loc":{"start":{"line":73,"column":23},"end":{"line":76,"column":5}}},"5":{"name":"(anonymous_5)","decl":{"start":{"line":80,"column":17},"end":{"line":80,"column":27}},"loc":{"start":{"line":80,"column":57},"end":{"line":83,"column":1}}},"6":{"name":"(anonymous_6)","decl":{"start":{"line":85,"column":17},"end":{"line":85,"column":27}},"loc":{"start":{"line":85,"column":41},"end":{"line":88,"column":1}}},"7":{"name":"Skaldfire","decl":{"start":{"line":91,"column":16},"end":{"line":91,"column":25}},"loc":{"start":{"line":91,"column":58},"end":{"line":112,"column":1}}}},"branchMap":{"0":{"loc":{"start":{"line":48,"column":2},"end":{"line":48,"column":null}},"type":"if","locations":[{"start":{"line":48,"column":2},"end":{"line":48,"column":null}},{"start":{"line":48,"column":2},"end":{"line":48,"column":null}}]},"1":{"loc":{"start":{"line":63,"column":4},"end":{"line":65,"column":null}},"type":"if","locations":[{"start":{"line":63,"column":4},"end":{"line":65,"column":null}},{"start":{"line":63,"column":4},"end":{"line":65,"column":null}}]},"2":{"loc":{"start":{"line":70,"column":6},"end":{"line":72,"column":null}},"type":"if","locations":[{"start":{"line":70,"column":6},"end":{"line":72,"column":null}},{"start":{"line":70,"column":6},"end":{"line":72,"column":null}}]},"3":{"loc":{"start":{"line":81,"column":2},"end":{"line":82,"column":null}},"type":"if","locations":[{"start":{"line":81,"column":2},"end":{"line":82,"column":null}},{"start":{"line":81,"column":2},"end":{"line":82,"column":null}}]},"4":{"loc":{"start":{"line":86,"column":2},"end":{"line":87,"column":null}},"type":"if","locations":[{"start":{"line":86,"column":2},"end":{"line":87,"column":null}},{"start":{"line":86,"column":2},"end":{"line":87,"column":null}}]},"5":{"loc":{"start":{"line":106,"column":2},"end":{"line":106,"column":null}},"type":"if","locations":[{"start":{"line":106,"column":2},"end":{"line":106,"column":null}},{"start":{"line":106,"column":2},"end":{"line":106,"column":null}}]}},"s":{"0":25,"1":25,"2":8,"3":0,"4":8,"5":8,"6":8,"7":0,"8":8,"9":25,"10":25,"11":0,"12":0,"13":0,"14":0,"15":0,"16":0,"17":0,"18":0,"19":0,"20":0,"21":0,"22":0,"23":25,"24":0,"25":0,"26":0,"27":25,"28":0,"29":0,"30":0,"31":25,"32":25,"33":25,"34":0,"35":25,"36":25,"37":25,"38":25,"39":25},"f":{"0":8,"1":0,"2":0,"3":0,"4":0,"5":0,"6":0,"7":25},"b":{"0":[0,8],"1":[0,0],"2":[0,0],"3":[0,0],"4":[0,0],"5":[0,25]}}
,"/Users/vtak/dev/skald/src/views/Home.vue": {"path":"/Users/vtak/dev/skald/src/views/Home.vue","statementMap":{"0":{"start":{"line":44,"column":0},"end":{"line":44,"column":null}},"1":{"start":{"line":45,"column":0},"end":{"line":45,"column":null}},"2":{"start":{"line":46,"column":0},"end":{"line":46,"column":null}},"3":{"start":{"line":47,"column":0},"end":{"line":47,"column":null}},"4":{"start":{"line":48,"column":0},"end":{"line":48,"column":null}},"5":{"start":{"line":50,"column":0},"end":{"line":50,"column":null}}},"fnMap":{},"branchMap":{},"s":{"0":19,"1":19,"2":19,"3":19,"4":19,"5":19},"f":{},"b":{}}
,"/Users/vtak/dev/skald/src/views/ViewCharacter/ViewCharacter.vue": {"path":"/Users/vtak/dev/skald/src/views/ViewCharacter/ViewCharacter.vue","statementMap":{"0":{"start":{"line":15,"column":0},"end":{"line":15,"column":null}},"1":{"start":{"line":16,"column":0},"end":{"line":16,"column":null}},"2":{"start":{"line":17,"column":0},"end":{"line":17,"column":null}},"3":{"start":{"line":19,"column":0},"end":{"line":19,"column":null}}},"fnMap":{},"branchMap":{},"s":{"0":1,"1":1,"2":1,"3":1},"f":{},"b":{}}
,"/Users/vtak/dev/skald/src/views/ckeditor/CKEditor.vue": {"path":"/Users/vtak/dev/skald/src/views/ckeditor/CKEditor.vue","statementMap":{"0":{"start":{"line":39,"column":0},"end":{"line":39,"column":null}},"1":{"start":{"line":40,"column":0},"end":{"line":40,"column":null}},"2":{"start":{"line":41,"column":0},"end":{"line":41,"column":null}},"3":{"start":{"line":42,"column":0},"end":{"line":42,"column":null}},"4":{"start":{"line":43,"column":0},"end":{"line":43,"column":null}},"5":{"start":{"line":44,"column":0},"end":{"line":44,"column":null}},"6":{"start":{"line":45,"column":0},"end":{"line":45,"column":null}},"7":{"start":{"line":46,"column":0},"end":{"line":46,"column":null}},"8":{"start":{"line":61,"column":0},"end":{"line":61,"column":null}},"9":{"start":{"line":62,"column":0},"end":{"line":62,"column":null}},"10":{"start":{"line":63,"column":0},"end":{"line":63,"column":null}},"11":{"start":{"line":64,"column":0},"end":{"line":64,"column":null}},"12":{"start":{"line":74,"column":0},"end":{"line":74,"column":null}},"13":{"start":{"line":75,"column":0},"end":{"line":75,"column":null}},"14":{"start":{"line":76,"column":0},"end":{"line":76,"column":null}},"15":{"start":{"line":81,"column":0},"end":{"line":81,"column":null}},"16":{"start":{"line":83,"column":0},"end":{"line":83,"column":null}},"17":{"start":{"line":85,"column":0},"end":{"line":85,"column":null}},"18":{"start":{"line":87,"column":0},"end":{"line":87,"column":null}}},"fnMap":{"0":{"name":"(anonymous_1)","decl":{"start":{"line":60,"column":0},"end":{"line":60,"column":null}},"loc":{"start":{"line":60,"column":0},"end":{"line":88,"column":null}}},"1":{"name":"setPage","decl":{"start":{"line":73,"column":0},"end":{"line":73,"column":null}},"loc":{"start":{"line":73,"column":0},"end":{"line":78,"column":null}}},"2":{"name":"(anonymous_3)","decl":{"start":{"line":83,"column":0},"end":{"line":83,"column":null}},"loc":{"start":{"line":83,"column":0},"end":{"line":83,"column":null}}}},"branchMap":{"0":{"loc":{"start":{"line":76,"column":0},"end":{"line":76,"column":null}},"type":"if","locations":[{"start":{"line":76,"column":0},"end":{"line":76,"column":null}},{"start":{"line":76,"column":0},"end":{"line":76,"column":null}}]}},"s":{"0":1,"1":1,"2":1,"3":1,"4":1,"5":1,"6":1,"7":1,"8":1,"9":1,"10":1,"11":1,"12":1,"13":1,"14":2,"15":1,"16":2,"17":1,"18":1},"f":{"0":1,"1":1,"2":1},"b":{"0":[0,1]}}
,"/Users/vtak/dev/skald/src/views/gm/PlayerList.vue": {"path":"/Users/vtak/dev/skald/src/views/gm/PlayerList.vue","statementMap":{"0":{"start":{"line":37,"column":0},"end":{"line":37,"column":null}},"1":{"start":{"line":38,"column":0},"end":{"line":38,"column":null}},"2":{"start":{"line":39,"column":0},"end":{"line":39,"column":null}},"3":{"start":{"line":40,"column":0},"end":{"line":40,"column":null}},"4":{"start":{"line":41,"column":0},"end":{"line":41,"column":null}},"5":{"start":{"line":42,"column":0},"end":{"line":42,"column":null}},"6":{"start":{"line":43,"column":0},"end":{"line":43,"column":null}},"7":{"start":{"line":44,"column":0},"end":{"line":44,"column":null}},"8":{"start":{"line":46,"column":0},"end":{"line":46,"column":null}},"9":{"start":{"line":62,"column":0},"end":{"line":62,"column":null}},"10":{"start":{"line":63,"column":0},"end":{"line":63,"column":null}},"11":{"start":{"line":64,"column":0},"end":{"line":64,"column":null}},"12":{"start":{"line":65,"column":0},"end":{"line":65,"column":null}},"13":{"start":{"line":66,"column":0},"end":{"line":79,"column":null}},"14":{"start":{"line":67,"column":0},"end":{"line":67,"column":null}},"15":{"start":{"line":68,"column":0},"end":{"line":68,"column":null}},"16":{"start":{"line":69,"column":0},"end":{"line":69,"column":null}},"17":{"start":{"line":70,"column":0},"end":{"line":78,"column":null}},"18":{"start":{"line":71,"column":0},"end":{"line":71,"column":null}},"19":{"start":{"line":72,"column":0},"end":{"line":75,"column":null}},"20":{"start":{"line":73,"column":0},"end":{"line":73,"column":null}},"21":{"start":{"line":74,"column":0},"end":{"line":74,"column":null}},"22":{"start":{"line":76,"column":0},"end":{"line":76,"column":null}},"23":{"start":{"line":77,"column":0},"end":{"line":77,"column":null}},"24":{"start":{"line":80,"column":0},"end":{"line":80,"column":null}},"25":{"start":{"line":81,"column":0},"end":{"line":81,"column":null}}},"fnMap":{"0":{"name":"(anonymous_1)","decl":{"start":{"line":61,"column":0},"end":{"line":61,"column":null}},"loc":{"start":{"line":61,"column":0},"end":{"line":82,"column":null}}},"1":{"name":"(anonymous_2)","decl":{"start":{"line":65,"column":0},"end":{"line":65,"column":null}},"loc":{"start":{"line":65,"column":0},"end":{"line":65,"column":null}}},"2":{"name":"(anonymous_3)","decl":{"start":{"line":66,"column":0},"end":{"line":66,"column":null}},"loc":{"start":{"line":66,"column":0},"end":{"line":79,"column":null}}},"3":{"name":"(anonymous_4)","decl":{"start":{"line":70,"column":0},"end":{"line":70,"column":null}},"loc":{"start":{"line":70,"column":0},"end":{"line":78,"column":null}}},"4":{"name":"(anonymous_5)","decl":{"start":{"line":72,"column":0},"end":{"line":72,"column":null}},"loc":{"start":{"line":72,"column":0},"end":{"line":75,"column":null}}},"5":{"name":"(anonymous_6)","decl":{"start":{"line":80,"column":0},"end":{"line":80,"column":null}},"loc":{"start":{"line":80,"column":0},"end":{"line":80,"column":null}}}},"branchMap":{"0":{"loc":{"start":{"line":67,"column":0},"end":{"line":67,"column":null}},"type":"if","locations":[{"start":{"line":67,"column":0},"end":{"line":67,"column":null}},{"start":{"line":67,"column":0},"end":{"line":67,"column":null}}]}},"s":{"0":1,"1":1,"2":1,"3":1,"4":1,"5":1,"6":1,"7":1,"8":1,"9":1,"10":1,"11":1,"12":1,"13":1,"14":2,"15":0,"16":0,"17":0,"18":0,"19":0,"20":0,"21":0,"22":0,"23":0,"24":1,"25":1},"f":{"0":1,"1":0,"2":1,"3":0,"4":0,"5":0},"b":{"0":[1,0]}}
,"/Users/vtak/dev/skald/src/views/listpages/ListPages.vue": {"path":"/Users/vtak/dev/skald/src/views/listpages/ListPages.vue","statementMap":{"0":{"start":{"line":40,"column":0},"end":{"line":40,"column":null}},"1":{"start":{"line":41,"column":0},"end":{"line":41,"column":null}},"2":{"start":{"line":42,"column":0},"end":{"line":42,"column":null}},"3":{"start":{"line":43,"column":0},"end":{"line":43,"column":null}},"4":{"start":{"line":44,"column":0},"end":{"line":44,"column":null}},"5":{"start":{"line":45,"column":0},"end":{"line":45,"column":null}},"6":{"start":{"line":46,"column":0},"end":{"line":46,"column":null}},"7":{"start":{"line":48,"column":0},"end":{"line":48,"column":null}},"8":{"start":{"line":49,"column":0},"end":{"line":49,"column":null}},"9":{"start":{"line":63,"column":0},"end":{"line":63,"column":null}},"10":{"start":{"line":64,"column":0},"end":{"line":64,"column":null}},"11":{"start":{"line":65,"column":0},"end":{"line":65,"column":null}},"12":{"start":{"line":66,"column":0},"end":{"line":66,"column":null}},"13":{"start":{"line":67,"column":0},"end":{"line":67,"column":null}},"14":{"start":{"line":69,"column":0},"end":{"line":69,"column":null}},"15":{"start":{"line":70,"column":0},"end":{"line":70,"column":null}},"16":{"start":{"line":71,"column":0},"end":{"line":73,"column":null}},"17":{"start":{"line":72,"column":0},"end":{"line":72,"column":null}},"18":{"start":{"line":76,"column":0},"end":{"line":76,"column":null}},"19":{"start":{"line":77,"column":0},"end":{"line":77,"column":null}},"20":{"start":{"line":78,"column":0},"end":{"line":78,"column":null}},"21":{"start":{"line":80,"column":0},"end":{"line":80,"column":null}},"22":{"start":{"line":81,"column":0},"end":{"line":81,"column":null}},"23":{"start":{"line":83,"column":0},"end":{"line":93,"column":null}},"24":{"start":{"line":84,"column":0},"end":{"line":92,"column":null}},"25":{"start":{"line":85,"column":0},"end":{"line":85,"column":null}},"26":{"start":{"line":86,"column":0},"end":{"line":86,"column":null}},"27":{"start":{"line":97,"column":0},"end":{"line":99,"column":null}},"28":{"start":{"line":98,"column":0},"end":{"line":98,"column":null}},"29":{"start":{"line":100,"column":0},"end":{"line":100,"column":null}},"30":{"start":{"line":103,"column":0},"end":{"line":103,"column":null}}},"fnMap":{"0":{"name":"(anonymous_1)","decl":{"start":{"line":62,"column":0},"end":{"line":62,"column":null}},"loc":{"start":{"line":62,"column":0},"end":{"line":104,"column":null}}},"1":{"name":"(anonymous_2)","decl":{"start":{"line":67,"column":0},"end":{"line":67,"column":null}},"loc":{"start":{"line":67,"column":0},"end":{"line":67,"column":null}}},"2":{"name":"(anonymous_3)","decl":{"start":{"line":69,"column":0},"end":{"line":69,"column":null}},"loc":{"start":{"line":69,"column":0},"end":{"line":69,"column":null}}},"3":{"name":"(anonymous_4)","decl":{"start":{"line":70,"column":0},"end":{"line":70,"column":null}},"loc":{"start":{"line":70,"column":0},"end":{"line":70,"column":null}}},"4":{"name":"(anonymous_5)","decl":{"start":{"line":71,"column":0},"end":{"line":71,"column":null}},"loc":{"start":{"line":71,"column":0},"end":{"line":73,"column":null}}},"5":{"name":"subscribe","decl":{"start":{"line":75,"column":0},"end":{"line":75,"column":null}},"loc":{"start":{"line":75,"column":0},"end":{"line":94,"column":null}}},"6":{"name":"(anonymous_7)","decl":{"start":{"line":83,"column":0},"end":{"line":83,"column":null}},"loc":{"start":{"line":83,"column":0},"end":{"line":93,"column":null}}},"7":{"name":"(anonymous_8)","decl":{"start":{"line":84,"column":0},"end":{"line":84,"column":null}},"loc":{"start":{"line":84,"column":0},"end":{"line":92,"column":null}}},"8":{"name":"pagesForCategory","decl":{"start":{"line":96,"column":0},"end":{"line":96,"column":null}},"loc":{"start":{"line":96,"column":0},"end":{"line":101,"column":null}}},"9":{"name":"(anonymous_10)","decl":{"start":{"line":98,"column":0},"end":{"line":98,"column":null}},"loc":{"start":{"line":98,"column":0},"end":{"line":98,"column":null}}},"10":{"name":"(anonymous_11)","decl":{"start":{"line":100,"column":0},"end":{"line":100,"column":null}},"loc":{"start":{"line":100,"column":0},"end":{"line":100,"column":null}}}},"branchMap":{"0":{"loc":{"start":{"line":76,"column":0},"end":{"line":76,"column":null}},"type":"if","locations":[{"start":{"line":76,"column":0},"end":{"line":76,"column":null}},{"start":{"line":76,"column":0},"end":{"line":76,"column":null}}]},"1":{"loc":{"start":{"line":97,"column":0},"end":{"line":99,"column":null}},"type":"if","locations":[{"start":{"line":97,"column":0},"end":{"line":99,"column":null}},{"start":{"line":97,"column":0},"end":{"line":99,"column":null}}]}},"s":{"0":1,"1":1,"2":1,"3":1,"4":1,"5":1,"6":1,"7":1,"8":1,"9":1,"10":1,"11":1,"12":1,"13":1,"14":2,"15":1,"16":1,"17":0,"18":1,"19":1,"20":1,"21":1,"22":1,"23":1,"24":0,"25":0,"26":0,"27":5,"28":1,"29":4,"30":1},"f":{"0":1,"1":1,"2":1,"3":0,"4":0,"5":1,"6":0,"7":0,"8":5,"9":0,"10":0},"b":{"0":[0,1],"1":[1,4]}}
,"/Users/vtak/dev/skald/src/views/playerlist/PlayerList.vue": {"path":"/Users/vtak/dev/skald/src/views/playerlist/PlayerList.vue","statementMap":{"0":{"start":{"line":21,"column":0},"end":{"line":21,"column":null}},"1":{"start":{"line":22,"column":0},"end":{"line":22,"column":null}},"2":{"start":{"line":23,"column":0},"end":{"line":23,"column":null}},"3":{"start":{"line":24,"column":0},"end":{"line":24,"column":null}},"4":{"start":{"line":25,"column":0},"end":{"line":25,"column":null}},"5":{"start":{"line":26,"column":0},"end":{"line":26,"column":null}},"6":{"start":{"line":34,"column":0},"end":{"line":34,"column":null}},"7":{"start":{"line":35,"column":0},"end":{"line":35,"column":null}}},"fnMap":{"0":{"name":"(anonymous_1)","decl":{"start":{"line":33,"column":0},"end":{"line":33,"column":null}},"loc":{"start":{"line":33,"column":0},"end":{"line":36,"column":null}}}},"branchMap":{},"s":{"0":1,"1":1,"2":1,"3":1,"4":1,"5":1,"6":1,"7":1},"f":{"0":1},"b":{}}
,"/Users/vtak/dev/skald/src/views/viewpage/ViewPage.vue": {"path":"/Users/vtak/dev/skald/src/views/viewpage/ViewPage.vue","statementMap":{"0":{"start":{"line":85,"column":0},"end":{"line":85,"column":null}},"1":{"start":{"line":86,"column":0},"end":{"line":86,"column":null}},"2":{"start":{"line":87,"column":0},"end":{"line":87,"column":null}},"3":{"start":{"line":88,"column":0},"end":{"line":88,"column":null}},"4":{"start":{"line":89,"column":0},"end":{"line":89,"column":null}},"5":{"start":{"line":90,"column":0},"end":{"line":90,"column":null}},"6":{"start":{"line":91,"column":0},"end":{"line":91,"column":null}},"7":{"start":{"line":92,"column":0},"end":{"line":92,"column":null}},"8":{"start":{"line":93,"column":0},"end":{"line":93,"column":null}},"9":{"start":{"line":94,"column":0},"end":{"line":94,"column":null}},"10":{"start":{"line":95,"column":0},"end":{"line":95,"column":null}},"11":{"start":{"line":104,"column":0},"end":{"line":104,"column":null}},"12":{"start":{"line":105,"column":0},"end":{"line":105,"column":null}},"13":{"start":{"line":106,"column":0},"end":{"line":106,"column":null}},"14":{"start":{"line":107,"column":0},"end":{"line":107,"column":null}},"15":{"start":{"line":108,"column":0},"end":{"line":113,"column":null}},"16":{"start":{"line":109,"column":0},"end":{"line":109,"column":null}},"17":{"start":{"line":111,"column":0},"end":{"line":111,"column":null}},"18":{"start":{"line":112,"column":0},"end":{"line":112,"column":null}},"19":{"start":{"line":114,"column":0},"end":{"line":114,"column":null}},"20":{"start":{"line":115,"column":0},"end":{"line":115,"column":null}},"21":{"start":{"line":120,"column":0},"end":{"line":128,"column":null}},"22":{"start":{"line":121,"column":0},"end":{"line":121,"column":null}},"23":{"start":{"line":122,"column":0},"end":{"line":122,"column":null}},"24":{"start":{"line":123,"column":0},"end":{"line":123,"column":null}},"25":{"start":{"line":124,"column":0},"end":{"line":124,"column":null}},"26":{"start":{"line":125,"column":0},"end":{"line":125,"column":null}},"27":{"start":{"line":126,"column":0},"end":{"line":126,"column":null}},"28":{"start":{"line":127,"column":0},"end":{"line":127,"column":null}},"29":{"start":{"line":129,"column":0},"end":{"line":131,"column":null}},"30":{"start":{"line":130,"column":0},"end":{"line":130,"column":null}},"31":{"start":{"line":132,"column":0},"end":{"line":132,"column":null}}},"fnMap":{"0":{"name":"(anonymous_1)","decl":{"start":{"line":103,"column":0},"end":{"line":103,"column":null}},"loc":{"start":{"line":103,"column":0},"end":{"line":133,"column":null}}},"1":{"name":"(anonymous_2)","decl":{"start":{"line":108,"column":0},"end":{"line":108,"column":null}},"loc":{"start":{"line":108,"column":0},"end":{"line":113,"column":null}}},"2":{"name":"(anonymous_3)","decl":{"start":{"line":115,"column":0},"end":{"line":115,"column":null}},"loc":{"start":{"line":115,"column":0},"end":{"line":115,"column":null}}},"3":{"name":"(anonymous_4)","decl":{"start":{"line":120,"column":0},"end":{"line":120,"column":null}},"loc":{"start":{"line":120,"column":0},"end":{"line":128,"column":null}}},"4":{"name":"(anonymous_5)","decl":{"start":{"line":129,"column":0},"end":{"line":129,"column":null}},"loc":{"start":{"line":129,"column":0},"end":{"line":131,"column":null}}}},"branchMap":{"0":{"loc":{"start":{"line":109,"column":0},"end":{"line":109,"column":null}},"type":"if","locations":[{"start":{"line":109,"column":0},"end":{"line":109,"column":null}},{"start":{"line":109,"column":0},"end":{"line":109,"column":null}}]},"1":{"loc":{"start":{"line":115,"column":0},"end":{"line":115,"column":null}},"type":"binary-expr","locations":[{"start":{"line":115,"column":0},"end":{"line":115,"column":null}},{"start":{"line":115,"column":0},"end":{"line":115,"column":null}},{"start":{"line":115,"column":0},"end":{"line":115,"column":null}}]}},"s":{"0":19,"1":19,"2":19,"3":19,"4":19,"5":19,"6":19,"7":19,"8":19,"9":19,"10":19,"11":1,"12":1,"13":1,"14":1,"15":1,"16":2,"17":1,"18":1,"19":1,"20":3,"21":1,"22":0,"23":0,"24":0,"25":0,"26":0,"27":0,"28":0,"29":1,"30":0,"31":1},"f":{"0":1,"1":1,"2":2,"3":0,"4":0},"b":{"0":[0,2],"1":[2,0,0]}}
}
