TN:
SF:src/router.js
FN:33,(anonymous_0)
FN:39,(anonymous_1)
FN:46,(anonymous_2)
FN:53,(anonymous_3)
FN:60,(anonymous_4)
FN:67,(anonymous_5)
FN:74,(anonymous_6)
FN:81,(anonymous_7)
FN:88,(anonymous_8)
FN:95,(anonymous_9)
FN:102,(anonymous_10)
FN:109,(anonymous_11)
FN:116,(anonymous_12)
FNF:13
FNH:0
FNDA:0,(anonymous_0)
FNDA:0,(anonymous_1)
FNDA:0,(anonymous_2)
FNDA:0,(anonymous_3)
FNDA:0,(anonymous_4)
FNDA:0,(anonymous_5)
FNDA:0,(anonymous_6)
FNDA:0,(anonymous_7)
FNDA:0,(anonymous_8)
FNDA:0,(anonymous_9)
FNDA:0,(anonymous_10)
FNDA:0,(anonymous_11)
FNDA:0,(anonymous_12)
DA:6,15
DA:33,0
DA:39,0
DA:46,0
DA:53,0
DA:60,0
DA:67,0
DA:74,0
DA:81,0
DA:88,0
DA:95,0
DA:102,0
DA:109,0
DA:116,0
LF:14
LH:1
BRF:0
BRH:0
end_of_record
TN:
SF:src/components/AddPageListItem.vue
FN:24,(anonymous_1)
FN:28,(anonymous_2)
FN:31,(anonymous_3)
FN:36,(anonymous_4)
FNF:4
FNH:0
FNDA:0,(anonymous_1)
FNDA:0,(anonymous_2)
FNDA:0,(anonymous_3)
FNDA:0,(anonymous_4)
DA:18,1
DA:24,0
DA:29,0
DA:32,0
DA:37,0
LF:5
LH:1
BRDA:32,0,0,0
BRDA:32,0,1,0
BRF:2
BRH:0
end_of_record
TN:
SF:src/components/CreatePageCard.vue
FN:38,(anonymous_1)
FN:43,(anonymous_2)
FN:47,(anonymous_3)
FN:50,(anonymous_4)
FN:57,(anonymous_5)
FN:61,(anonymous_6)
FNF:6
FNH:0
FNDA:0,(anonymous_1)
FNDA:0,(anonymous_2)
FNDA:0,(anonymous_3)
FNDA:0,(anonymous_4)
FNDA:0,(anonymous_5)
FNDA:0,(anonymous_6)
DA:38,0
DA:44,0
DA:48,0
DA:51,0
DA:52,0
DA:58,0
DA:59,0
DA:62,0
DA:71,0
DA:72,0
DA:73,0
LF:11
LH:0
BRF:0
BRH:0
end_of_record
TN:
SF:src/components/LanguageSwitcher.vue
FN:27,(anonymous_1)
FN:30,(anonymous_2)
FNF:2
FNH:0
FNDA:0,(anonymous_1)
FNDA:0,(anonymous_2)
DA:28,0
DA:31,0
LF:2
LH:0
BRF:0
BRH:0
end_of_record
TN:
SF:src/components/LatestChanges.vue
FN:23,(anonymous_1)
FN:28,(anonymous_2)
FNF:2
FNH:0
FNDA:0,(anonymous_1)
FNDA:0,(anonymous_2)
DA:16,15
DA:24,0
DA:29,0
DA:30,0
DA:31,0
DA:32,0
DA:33,0
DA:34,0
DA:35,0
LF:9
LH:1
BRDA:29,0,0,0
BRDA:29,0,1,0
BRDA:31,1,0,0
BRDA:31,1,1,0
BRF:4
BRH:0
end_of_record
TN:
SF:src/components/Loading.vue
FN:11,(anonymous_1)
FNF:1
FNH:0
FNDA:0,(anonymous_1)
DA:12,0
DA:13,0
LF:2
LH:0
BRDA:12,0,0,0
BRDA:12,0,1,0
BRF:2
BRH:0
end_of_record
TN:
SF:src/components/SiteList.vue
FN:47,(anonymous_1)
FN:50,(anonymous_2)
FN:51,(anonymous_3)
FN:54,(anonymous_4)
FN:55,(anonymous_5)
FN:70,(anonymous_6)
FNF:6
FNH:0
FNDA:0,(anonymous_1)
FNDA:0,(anonymous_2)
FNDA:0,(anonymous_3)
FNDA:0,(anonymous_4)
FNDA:0,(anonymous_5)
FNDA:0,(anonymous_6)
DA:20,15
DA:21,15
DA:22,15
DA:23,15
DA:25,15
DA:27,15
DA:48,0
DA:49,0
DA:50,0
DA:51,0
DA:52,0
DA:53,0
DA:54,0
DA:55,0
DA:56,0
DA:58,0
DA:65,0
DA:70,0
DA:72,0
LF:19
LH:6
BRDA:56,0,0,0
BRDA:56,0,1,0
BRDA:56,1,0,0
BRDA:56,1,1,0
BRF:4
BRH:0
end_of_record
TN:
SF:src/components/TabTitle.vue
FN:19,(anonymous_1)
FNF:1
FNH:0
FNDA:0,(anonymous_1)
DA:20,0
LF:1
LH:0
BRF:0
BRH:0
end_of_record
TN:
SF:src/components/addplayeraction/AddPlayerAction.vue
FN:66,(anonymous_1)
FN:73,(anonymous_2)
FN:76,(anonymous_3)
FN:77,(anonymous_4)
FN:86,(anonymous_5)
FN:89,(anonymous_6)
FN:91,(anonymous_7)
FN:93,(anonymous_8)
FNF:8
FNH:2
FNDA:1,(anonymous_1)
FNDA:1,(anonymous_2)
FNDA:0,(anonymous_3)
FNDA:0,(anonymous_4)
FNDA:0,(anonymous_5)
FNDA:0,(anonymous_6)
FNDA:0,(anonymous_7)
FNDA:0,(anonymous_8)
DA:45,2
DA:46,2
DA:47,2
DA:48,2
DA:49,2
DA:50,2
DA:52,2
DA:67,1
DA:68,1
DA:69,1
DA:70,1
DA:71,1
DA:72,1
DA:73,1
DA:74,1
DA:75,1
DA:76,1
DA:77,0
DA:78,0
DA:79,0
DA:83,1
DA:84,1
DA:86,1
DA:87,0
DA:88,0
DA:89,0
DA:91,0
DA:92,0
DA:94,0
DA:95,0
DA:99,1
LF:31
LH:21
BRF:0
BRH:0
end_of_record
TN:
SF:src/components/app/AppStateSnack.vue
FN:34,(anonymous_1)
FN:38,(anonymous_2)
FN:39,(anonymous_3)
FN:41,clear
FNF:4
FNH:3
FNDA:1,(anonymous_1)
FNDA:1,(anonymous_2)
FNDA:1,(anonymous_3)
FNDA:0,clear
DA:25,1
DA:26,1
DA:27,1
DA:28,1
DA:29,1
DA:31,1
DA:35,1
DA:36,1
DA:37,1
DA:38,2
DA:39,2
DA:42,0
DA:43,0
DA:46,1
LF:14
LH:12
BRDA:42,0,0,0
BRDA:42,0,1,0
BRF:2
BRH:0
end_of_record
TN:
SF:src/components/app/OnScrollFab.vue
FN:17,(anonymous_1)
FN:19,(anonymous_2)
FN:24,(anonymous_3)
FNF:3
FNH:1
FNDA:1,(anonymous_1)
FNDA:0,(anonymous_2)
FNDA:0,(anonymous_3)
DA:15,1
DA:18,1
DA:19,1
DA:20,0
DA:21,0
DA:22,0
DA:24,1
DA:25,1
LF:8
LH:5
BRDA:20,0,0,0
BRDA:20,0,1,0
BRDA:21,1,0,0
BRDA:21,1,1,0
BRDA:21,1,2,0
BRF:5
BRH:0
end_of_record
TN:
SF:src/components/app/TabTitle.vue
FN:47,(anonymous_1)
FN:49,(anonymous_2)
FNF:2
FNH:2
FNDA:1,(anonymous_1)
FNDA:1,(anonymous_2)
DA:25,15
DA:26,15
DA:48,1
DA:49,2
DA:50,1
LF:5
LH:5
BRF:0
BRH:0
end_of_record
TN:
SF:src/components/attachments/CardFileUpload.vue
FN:22,(anonymous_1)
FN:27,(anonymous_2)
FN:30,(anonymous_3)
FN:35,(anonymous_4)
FN:47,(anonymous_5)
FNF:5
FNH:0
FNDA:0,(anonymous_1)
FNDA:0,(anonymous_2)
FNDA:0,(anonymous_3)
FNDA:0,(anonymous_4)
FNDA:0,(anonymous_5)
DA:15,15
DA:16,15
DA:22,0
DA:28,0
DA:32,0
DA:33,0
DA:35,0
DA:36,0
DA:39,0
DA:40,0
DA:44,0
DA:46,0
DA:47,0
DA:48,0
LF:14
LH:2
BRDA:39,0,0,0
BRDA:39,0,1,0
BRF:2
BRH:0
end_of_record
TN:
SF:src/components/attachments/FileUploadButton.vue
FN:37,(anonymous_1)
FN:42,(anonymous_2)
FN:50,(anonymous_3)
FNF:3
FNH:0
FNDA:0,(anonymous_1)
FNDA:0,(anonymous_2)
FNDA:0,(anonymous_3)
DA:28,15
DA:29,15
DA:37,0
DA:44,0
DA:47,0
DA:49,0
DA:50,0
DA:51,0
DA:52,0
LF:9
LH:2
BRDA:44,0,0,0
BRDA:44,0,1,0
BRF:2
BRH:0
end_of_record
TN:
SF:src/components/ckeditorcard/CKEditorCard.vue
FN:60,(anonymous_1)
FN:67,(anonymous_2)
FN:74,(anonymous_3)
FN:81,(anonymous_4)
FN:84,(anonymous_5)
FN:95,(anonymous_6)
FNF:6
FNH:0
FNDA:0,(anonymous_1)
FNDA:0,(anonymous_2)
FNDA:0,(anonymous_3)
FNDA:0,(anonymous_4)
FNDA:0,(anonymous_5)
FNDA:0,(anonymous_6)
DA:41,1
DA:42,1
DA:43,1
DA:44,1
DA:45,1
DA:46,1
DA:47,1
DA:48,1
DA:49,1
DA:50,1
DA:51,1
DA:52,1
DA:54,1
DA:61,0
DA:62,0
DA:63,0
DA:64,0
DA:66,0
DA:68,0
DA:69,0
DA:71,0
DA:72,0
DA:75,0
DA:76,0
DA:77,0
DA:81,0
DA:82,0
DA:83,0
DA:84,0
DA:85,0
DA:86,0
DA:90,0
DA:95,0
DA:116,0
LF:34
LH:13
BRDA:68,0,0,0
BRDA:68,0,1,0
BRDA:69,1,0,0
BRDA:69,1,1,0
BRF:4
BRH:0
end_of_record
TN:
SF:src/components/ckeditorcard/PageCategorySelect.vue
FN:17,(anonymous_1)
FN:20,(anonymous_2)
FN:21,(anonymous_3)
FNF:3
FNH:0
FNDA:0,(anonymous_1)
FNDA:0,(anonymous_2)
FNDA:0,(anonymous_3)
DA:10,1
DA:11,1
DA:12,1
DA:14,1
DA:18,0
DA:19,0
DA:20,0
DA:22,0
DA:23,0
DA:24,0
DA:27,0
LF:11
LH:4
BRF:0
BRH:0
end_of_record
TN:
SF:src/components/ckeditorcard/PageMetadataCard.vue
FN:57,(anonymous_1)
FN:61,(anonymous_2)
FN:62,(anonymous_3)
FN:69,(anonymous_4)
FN:72,(anonymous_5)
FN:77,(anonymous_6)
FNF:6
FNH:0
FNDA:0,(anonymous_1)
FNDA:0,(anonymous_2)
FNDA:0,(anonymous_3)
FNDA:0,(anonymous_4)
FNDA:0,(anonymous_5)
FNDA:0,(anonymous_6)
DA:42,1
DA:43,1
DA:44,1
DA:45,1
DA:46,1
DA:47,1
DA:48,1
DA:49,1
DA:50,1
DA:51,1
DA:58,0
DA:59,0
DA:60,0
DA:61,0
DA:63,0
DA:64,0
DA:65,0
DA:69,0
DA:70,0
DA:71,0
DA:72,0
DA:73,0
DA:74,0
DA:75,0
DA:76,0
DA:78,0
DA:79,0
DA:81,0
DA:82,0
DA:85,0
LF:30
LH:10
BRF:0
BRH:0
end_of_record
TN:
SF:src/components/createpageaction/CreatePageAction.vue
FN:50,(anonymous_1)
FN:53,(anonymous_2)
FN:55,(anonymous_3)
FN:68,(anonymous_4)
FN:96,(anonymous_5)
FN:112,launchDialog
FNF:6
FNH:2
FNDA:1,(anonymous_1)
FNDA:1,(anonymous_2)
FNDA:0,(anonymous_3)
FNDA:0,(anonymous_4)
FNDA:0,(anonymous_5)
FNDA:0,launchDialog
DA:39,2
DA:40,2
DA:41,2
DA:42,2
DA:43,2
DA:44,2
DA:45,2
DA:46,2
DA:47,2
DA:51,1
DA:52,1
DA:53,2
DA:54,1
DA:55,1
DA:56,0
DA:57,0
DA:58,0
DA:63,0
DA:64,0
DA:66,0
DA:67,0
DA:68,0
DA:69,0
DA:70,0
DA:76,0
DA:78,0
DA:79,0
DA:83,0
DA:87,0
DA:96,0
DA:97,0
DA:98,0
DA:102,0
DA:105,1
DA:113,0
DA:114,0
DA:115,0
DA:116,0
DA:118,0
DA:122,1
DA:124,1
LF:41
LH:17
BRDA:57,0,0,0
BRDA:57,0,1,0
BRDA:69,1,0,0
BRDA:69,1,1,0
BRDA:78,2,0,0
BRDA:78,2,1,0
BRDA:113,3,0,0
BRDA:113,3,1,0
BRDA:116,4,0,0
BRDA:116,4,1,0
BRF:10
BRH:0
end_of_record
TN:
SF:src/components/navigationdrawer/NavigationDrawer.vue
FN:73,(anonymous_1)
FN:75,(anonymous_2)
FN:76,(anonymous_3)
FN:78,(anonymous_4)
FNF:4
FNH:2
FNDA:1,(anonymous_1)
FNDA:1,(anonymous_2)
FNDA:0,(anonymous_3)
FNDA:0,(anonymous_4)
DA:58,1
DA:59,1
DA:60,1
DA:61,1
DA:62,1
DA:63,1
DA:64,1
DA:65,1
DA:74,1
DA:75,2
DA:76,1
DA:77,1
DA:78,1
DA:82,1
LF:14
LH:14
BRDA:78,0,0,0
BRDA:78,0,1,0
BRDA:78,0,2,0
BRF:3
BRH:0
end_of_record
TN:
SF:src/components/page/ViewAttachment.vue
FN:40,(anonymous_1)
FN:45,(anonymous_2)
FN:49,(anonymous_3)
FN:54,(anonymous_4)
FN:57,(anonymous_5)
FN:59,(anonymous_6)
FN:62,(anonymous_7)
FNF:7
FNH:0
FNDA:0,(anonymous_1)
FNDA:0,(anonymous_2)
FNDA:0,(anonymous_3)
FNDA:0,(anonymous_4)
FNDA:0,(anonymous_5)
FNDA:0,(anonymous_6)
FNDA:0,(anonymous_7)
DA:29,15
DA:40,0
DA:46,0
DA:50,0
DA:55,0
DA:58,0
DA:59,0
DA:60,0
DA:61,0
DA:63,0
DA:64,0
DA:65,0
DA:66,0
LF:13
LH:1
BRDA:63,0,0,0
BRDA:63,0,1,0
BRDA:63,1,0,0
BRDA:63,1,1,0
BRF:4
BRH:0
end_of_record
TN:
SF:src/components/page/ViewUpload.vue
FN:34,(anonymous_1)
FN:40,(anonymous_2)
FN:45,(anonymous_3)
FN:48,(anonymous_4)
FN:53,(anonymous_5)
FN:55,(anonymous_6)
FN:59,(anonymous_7)
FN:68,(anonymous_8)
FNF:8
FNH:0
FNDA:0,(anonymous_1)
FNDA:0,(anonymous_2)
FNDA:0,(anonymous_3)
FNDA:0,(anonymous_4)
FNDA:0,(anonymous_5)
FNDA:0,(anonymous_6)
FNDA:0,(anonymous_7)
FNDA:0,(anonymous_8)
DA:22,15
DA:23,15
DA:34,0
DA:41,0
DA:42,0
DA:43,0
DA:46,0
DA:49,0
DA:54,0
DA:55,0
DA:56,0
DA:57,0
DA:58,0
DA:60,0
DA:61,0
DA:62,0
DA:63,0
DA:64,0
DA:69,0
LF:19
LH:2
BRDA:41,0,0,0
BRDA:41,0,1,0
BRDA:42,1,0,0
BRDA:42,1,1,0
BRDA:60,2,0,0
BRDA:60,2,1,0
BRDA:60,3,0,0
BRDA:60,3,1,0
BRF:8
BRH:0
end_of_record
TN:
SF:src/components/page/WikiContent.vue
FN:25,(anonymous_1)
FN:28,attachLinks
FN:30,(anonymous_3)
FN:47,fileLinks
FN:49,(anonymous_5)
FN:59,rendWikiLinks
FN:62,(anonymous_7)
FN:77,(anonymous_8)
FNF:8
FNH:5
FNDA:1,(anonymous_1)
FNDA:1,attachLinks
FNDA:0,(anonymous_3)
FNDA:1,fileLinks
FNDA:0,(anonymous_5)
FNDA:1,rendWikiLinks
FNDA:0,(anonymous_7)
FNDA:1,(anonymous_8)
DA:8,15
DA:9,15
DA:10,15
DA:11,15
DA:12,15
DA:13,15
DA:15,15
DA:16,15
DA:26,1
DA:29,1
DA:30,1
DA:31,0
DA:32,0
DA:33,0
DA:34,0
DA:35,0
DA:36,0
DA:37,0
DA:38,0
DA:39,0
DA:40,0
DA:41,0
DA:43,0
DA:48,1
DA:49,1
DA:50,0
DA:51,0
DA:52,0
DA:53,0
DA:55,0
DA:61,1
DA:62,1
DA:63,0
DA:64,0
DA:65,0
DA:66,0
DA:67,0
DA:68,0
DA:69,0
DA:71,0
DA:72,0
DA:74,1
DA:77,1
DA:78,1
DA:79,1
DA:80,1
DA:81,1
DA:82,1
DA:86,1
LF:49
LH:23
BRDA:32,0,0,0
BRDA:32,0,1,0
BRDA:34,1,0,0
BRDA:34,1,1,0
BRDA:35,2,0,0
BRDA:35,2,1,0
BRDA:36,3,0,0
BRDA:36,3,1,0
BRDA:39,4,0,0
BRDA:39,4,1,0
BRDA:40,5,0,0
BRDA:40,5,1,0
BRDA:51,6,0,0
BRDA:51,6,1,0
BRDA:64,7,0,0
BRDA:64,7,1,0
BRDA:67,8,0,0
BRDA:67,8,1,0
BRF:18
BRH:0
end_of_record
TN:
SF:src/components/pagelog/PagelogCard.vue
FN:28,(anonymous_1)
FNF:1
FNH:1
FNDA:1,(anonymous_1)
DA:13,15
DA:14,15
DA:15,15
DA:16,15
LF:4
LH:4
BRF:0
BRH:0
end_of_record
TN:
SF:src/components/pagelog/PagelogItem.vue
FN:27,(anonymous_1)
FN:28,(anonymous_2)
FNF:2
FNH:2
FNDA:1,(anonymous_1)
FNDA:1,(anonymous_2)
DA:16,16
DA:17,16
DA:18,16
DA:28,1
DA:29,1
DA:30,1
DA:31,1
DA:32,1
DA:33,1
DA:35,1
LF:10
LH:10
BRDA:29,0,0,1
BRDA:29,0,1,2
BRF:2
BRH:2
end_of_record
TN:
SF:src/components/pagelog/PagelogList.vue
FN:32,(anonymous_1)
FN:34,(anonymous_2)
FNF:2
FNH:2
FNDA:1,(anonymous_1)
FNDA:102,(anonymous_2)
DA:12,15
DA:13,15
DA:14,15
DA:15,15
DA:16,15
DA:33,1
DA:34,1
DA:35,204
DA:36,0
DA:37,0
DA:38,0
DA:40,1
LF:12
LH:9
BRDA:35,0,0,102
BRDA:35,0,1,0
BRDA:37,1,0,0
BRDA:37,1,1,0
BRF:4
BRH:1
end_of_record
TN:
SF:src/components/site/PlayerRowItem.vue
FN:63,(anonymous_1)
FN:66,(anonymous_2)
FN:71,(anonymous_3)
FN:83,(anonymous_4)
FN:88,(anonymous_5)
FN:92,(anonymous_6)
FN:101,(anonymous_7)
FNF:7
FNH:0
FNDA:0,(anonymous_1)
FNDA:0,(anonymous_2)
FNDA:0,(anonymous_3)
FNDA:0,(anonymous_4)
FNDA:0,(anonymous_5)
FNDA:0,(anonymous_6)
FNDA:0,(anonymous_7)
DA:37,1
DA:38,1
DA:39,1
DA:40,1
DA:42,1
DA:64,0
DA:66,0
DA:67,0
DA:68,0
DA:71,0
DA:72,0
DA:73,0
DA:74,0
DA:75,0
DA:76,0
DA:77,0
DA:83,0
DA:84,0
DA:85,0
DA:88,0
DA:89,0
DA:90,0
DA:91,0
DA:92,0
DA:93,0
DA:94,0
DA:95,0
DA:101,0
DA:102,0
DA:103,0
DA:105,0
DA:108,0
LF:32
LH:5
BRDA:72,0,0,0
BRDA:72,0,1,0
BRDA:74,1,0,0
BRDA:74,1,1,0
BRDA:75,2,0,0
BRDA:75,2,1,0
BRDA:89,3,0,0
BRDA:89,3,1,0
BRDA:91,4,0,0
BRDA:91,4,1,0
BRDA:93,5,0,0
BRDA:93,5,1,0
BRF:12
BRH:0
end_of_record
TN:
SF:src/components/site/SideBar.vue
FN:34,(anonymous_1)
FN:46,(anonymous_2)
FN:48,(anonymous_3)
FN:55,updateSidebar
FN:62,(anonymous_5)
FN:79,(anonymous_6)
FN:82,(anonymous_7)
FNF:7
FNH:5
FNDA:1,(anonymous_1)
FNDA:0,(anonymous_2)
FNDA:1,(anonymous_3)
FNDA:1,updateSidebar
FNDA:0,(anonymous_5)
FNDA:1,(anonymous_6)
FNDA:2,(anonymous_7)
DA:18,15
DA:19,15
DA:20,15
DA:21,15
DA:22,15
DA:24,15
DA:25,15
DA:27,15
DA:35,1
DA:36,1
DA:44,1
DA:45,1
DA:46,1
DA:47,1
DA:48,1
DA:49,1
DA:50,2
DA:52,1
DA:53,1
DA:56,2
DA:57,0
DA:60,0
DA:61,0
DA:62,0
DA:63,0
DA:71,0
DA:72,0
DA:73,0
DA:74,0
DA:75,0
DA:76,0
DA:79,2
DA:80,1
DA:81,1
DA:82,3
DA:86,1
LF:36
LH:25
BRDA:49,0,0,0
BRDA:49,0,1,1
BRDA:50,1,0,0
BRDA:50,1,1,2
BRDA:56,2,0,1
BRDA:56,2,1,0
BRDA:82,3,0,2
BRDA:82,3,1,0
BRDA:82,3,2,0
BRF:9
BRH:4
end_of_record
TN:
SF:src/components/site/SiteCard.vue
FN:56,(anonymous_1)
FN:58,(anonymous_2)
FN:60,(anonymous_3)
FNF:3
FNH:0
FNDA:0,(anonymous_1)
FNDA:0,(anonymous_2)
FNDA:0,(anonymous_3)
DA:27,15
DA:28,15
DA:29,15
DA:31,15
DA:57,0
DA:58,0
DA:59,0
DA:60,0
DA:61,0
DA:65,0
LF:10
LH:4
BRDA:59,0,0,0
BRDA:59,0,1,0
BRDA:61,1,0,0
BRDA:61,1,1,0
BRF:4
BRH:0
end_of_record
TN:
SF:src/components/themed/Themed.vue
FN:40,(anonymous_1)
FN:47,setTheme
FN:53,(anonymous_3)
FN:59,(anonymous_4)
FN:73,(anonymous_5)
FNF:5
FNH:3
FNDA:1,(anonymous_1)
FNDA:1,setTheme
FNDA:0,(anonymous_3)
FNDA:0,(anonymous_4)
FNDA:1,(anonymous_5)
DA:32,1
DA:33,1
DA:34,1
DA:35,1
DA:36,1
DA:37,1
DA:41,1
DA:42,1
DA:43,1
DA:44,1
DA:45,1
DA:48,1
DA:50,1
DA:51,0
DA:52,0
DA:53,0
DA:54,0
DA:55,0
DA:56,0
DA:57,0
DA:58,0
DA:59,0
DA:60,0
DA:66,1
DA:67,1
DA:71,1
DA:73,2
DA:75,1
DA:77,1
LF:29
LH:19
BRDA:50,0,0,0
BRDA:50,0,1,1
BRDA:54,1,0,0
BRDA:54,1,1,0
BRDA:58,2,0,0
BRDA:58,2,1,0
BRDA:60,3,0,0
BRDA:60,3,1,0
BRF:8
BRH:1
end_of_record
TN:
SF:src/lib/skaldmd/hideContent.ts
FN:4,hideContent
FN:9,(anonymous_1)
FN:15,(anonymous_2)
FNF:3
FNH:3
FNDA:32,hideContent
FNDA:78,(anonymous_1)
FNDA:2,(anonymous_2)
DA:4,17
DA:5,32
DA:6,32
DA:7,32
DA:9,32
DA:10,78
DA:11,74
DA:12,6
DA:14,1
DA:15,1
DA:16,2
DA:17,2
DA:18,2
DA:21,5
DA:22,2
DA:23,2
DA:26,68
DA:30,32
LF:18
LH:18
BRDA:4,0,0,5
BRDA:10,1,0,4
BRDA:10,1,1,74
BRDA:11,2,0,6
BRDA:11,2,1,68
BRDA:12,3,0,1
BRDA:12,3,1,5
BRDA:16,4,0,2
BRDA:16,4,1,0
BRDA:21,5,0,2
BRDA:21,5,1,3
BRDA:26,6,0,65
BRDA:26,6,1,3
BRF:13
BRH:12
end_of_record
TN:
SF:src/lib/skaldmd/index.ts
FN:26,(anonymous_0)
FN:39,(anonymous_1)
FN:44,(anonymous_2)
FN:55,(anonymous_3)
FN:94,(anonymous_4)
FN:110,(anonymous_5)
FN:120,(anonymous_6)
FN:139,(anonymous_7)
FN:143,(anonymous_8)
FN:147,(anonymous_9)
FN:157,(anonymous_10)
FN:162,(anonymous_11)
FN:165,(anonymous_12)
FN:179,(anonymous_13)
FN:181,(anonymous_14)
FN:189,(anonymous_15)
FN:230,(anonymous_16)
FN:239,(anonymous_17)
FN:262,(anonymous_18)
FN:277,(anonymous_19)
FN:288,(anonymous_20)
FN:312,(anonymous_21)
FN:317,(anonymous_22)
FN:336,(anonymous_23)
FN:339,(anonymous_24)
FN:354,(anonymous_25)
FN:356,(anonymous_26)
FNF:27
FNH:24
FNDA:30,(anonymous_0)
FNDA:32,(anonymous_1)
FNDA:30,(anonymous_2)
FNDA:86,(anonymous_3)
FNDA:131,(anonymous_4)
FNDA:31,(anonymous_5)
FNDA:2,(anonymous_6)
FNDA:44,(anonymous_7)
FNDA:3,(anonymous_8)
FNDA:1,(anonymous_9)
FNDA:2,(anonymous_10)
FNDA:44,(anonymous_11)
FNDA:0,(anonymous_12)
FNDA:44,(anonymous_13)
FNDA:0,(anonymous_14)
FNDA:0,(anonymous_15)
FNDA:1,(anonymous_16)
FNDA:8,(anonymous_17)
FNDA:3,(anonymous_18)
FNDA:29,(anonymous_19)
FNDA:3,(anonymous_20)
FNDA:2,(anonymous_21)
FNDA:4,(anonymous_22)
FNDA:44,(anonymous_23)
FNDA:5,(anonymous_24)
FNDA:44,(anonymous_25)
FNDA:4,(anonymous_26)
DA:1,16
DA:2,16
DA:4,16
DA:6,16
DA:7,16
DA:8,16
DA:9,16
DA:10,16
DA:11,16
DA:12,16
DA:13,16
DA:14,16
DA:19,16
DA:27,30
DA:28,30
DA:29,30
DA:30,30
DA:31,30
DA:32,30
DA:40,32
DA:41,32
DA:45,30
DA:47,27
DA:51,27
DA:53,27
DA:55,27
DA:56,86
DA:58,86
DA:62,84
DA:64,47
DA:66,47
DA:68,46
DA:70,45
DA:72,1
DA:74,44
DA:76,41
DA:79,40
DA:81,8
DA:83,32
DA:84,29
DA:85,0
DA:87,29
DA:89,27
DA:90,27
DA:91,27
DA:95,131
DA:96,32
DA:97,32
DA:98,3
DA:99,1
DA:100,1
DA:102,3
DA:104,32
DA:105,1
DA:106,32
DA:111,31
DA:112,31
DA:115,2
DA:117,31
DA:122,2
DA:124,2
DA:125,2
DA:126,0
DA:127,0
DA:129,2
DA:130,1
DA:131,1
DA:133,2
DA:134,1
DA:135,1
DA:140,44
DA:142,44
DA:143,44
DA:144,3
DA:146,44
DA:147,44
DA:148,1
DA:150,44
DA:151,44
DA:152,44
DA:153,44
DA:154,44
DA:158,2
DA:159,1
DA:164,44
DA:165,44
DA:166,0
DA:168,0
DA:169,0
DA:170,0
DA:171,0
DA:173,0
DA:176,44
DA:180,44
DA:181,44
DA:182,0
DA:183,0
DA:184,0
DA:186,44
DA:192,0
DA:193,0
DA:194,0
DA:195,0
DA:196,0
DA:198,0
DA:199,0
DA:200,0
DA:202,0
DA:203,0
DA:205,0
DA:206,0
DA:207,0
DA:209,0
DA:210,0
DA:211,0
DA:212,0
DA:215,0
DA:216,0
DA:217,0
DA:218,0
DA:221,0
DA:222,0
DA:223,0
DA:224,0
DA:227,0
DA:231,1
DA:232,1
DA:240,8
DA:241,3
DA:242,3
DA:244,8
DA:245,3
DA:246,2
DA:247,2
DA:249,3
DA:250,3
DA:252,5
DA:253,1
DA:254,1
DA:256,5
DA:257,5
DA:259,8
DA:263,3
DA:264,3
DA:265,3
DA:266,3
DA:267,3
DA:268,3
DA:269,3
DA:270,3
DA:278,29
DA:280,28
DA:281,28
DA:283,1
DA:285,29
DA:290,3
DA:291,1
DA:293,1
DA:294,1
DA:296,1
DA:297,1
DA:298,1
DA:299,1
DA:300,1
DA:303,2
DA:304,2
DA:305,2
DA:314,2
DA:316,2
DA:317,2
DA:319,4
DA:320,0
DA:321,0
DA:322,0
DA:324,4
DA:325,4
DA:326,2
DA:327,1
DA:329,4
DA:330,4
DA:331,4
DA:338,44
DA:339,44
DA:340,5
DA:341,5
DA:342,5
DA:343,5
DA:344,5
DA:345,2
DA:346,2
DA:348,5
DA:349,5
DA:351,44
DA:355,44
DA:356,44
DA:357,4
DA:358,4
DA:359,4
DA:361,44
LF:199
LH:158
BRDA:27,0,0,28
BRDA:27,0,1,2
BRDA:44,1,0,29
BRDA:45,2,0,3
BRDA:45,2,1,27
BRDA:56,3,0,0
BRDA:56,3,1,86
BRDA:58,4,0,2
BRDA:58,4,1,84
BRDA:62,5,0,37
BRDA:62,5,1,47
BRDA:64,6,0,0
BRDA:64,6,1,47
BRDA:66,7,0,1
BRDA:66,7,1,46
BRDA:68,8,0,1
BRDA:68,8,1,45
BRDA:70,9,0,1
BRDA:70,9,1,44
BRDA:70,10,0,45
BRDA:70,10,1,45
BRDA:70,10,2,45
BRDA:74,11,0,3
BRDA:74,11,1,41
BRDA:76,12,0,1
BRDA:76,12,1,40
BRDA:79,13,0,8
BRDA:79,13,1,32
BRDA:79,14,0,40
BRDA:79,14,1,32
BRDA:79,14,2,8
BRDA:79,14,3,8
BRDA:79,14,4,3
BRDA:83,15,0,3
BRDA:83,15,1,29
BRDA:84,16,0,0
BRDA:84,16,1,29
BRDA:84,17,0,29
BRDA:84,17,1,29
BRDA:95,18,0,32
BRDA:95,18,1,99
BRDA:96,19,0,28
BRDA:96,19,1,4
BRDA:97,20,0,3
BRDA:97,20,1,29
BRDA:98,21,0,1
BRDA:98,21,1,2
BRDA:104,22,0,1
BRDA:104,22,1,31
BRDA:104,23,0,32
BRDA:104,23,1,31
BRDA:112,24,0,2
BRDA:112,24,1,29
BRDA:112,25,0,31
BRDA:112,25,1,31
BRDA:112,25,2,30
BRDA:122,26,0,0
BRDA:122,26,1,2
BRDA:125,27,0,0
BRDA:125,27,1,2
BRDA:129,28,0,1
BRDA:129,28,1,1
BRDA:133,29,0,1
BRDA:133,29,1,1
BRDA:158,30,0,1
BRDA:158,30,1,1
BRDA:168,31,0,0
BRDA:168,31,1,0
BRDA:170,32,0,0
BRDA:170,32,1,0
BRDA:170,33,0,0
BRDA:170,33,1,0
BRDA:183,34,0,0
BRDA:183,34,1,0
BRDA:192,35,0,0
BRDA:192,35,1,0
BRDA:194,36,0,0
BRDA:194,36,1,0
BRDA:198,37,0,0
BRDA:198,37,1,0
BRDA:209,38,0,0
BRDA:209,38,1,0
BRDA:215,39,0,0
BRDA:215,39,1,0
BRDA:221,40,0,0
BRDA:221,40,1,0
BRDA:240,41,0,3
BRDA:240,41,1,5
BRDA:244,42,0,3
BRDA:244,42,1,5
BRDA:245,43,0,2
BRDA:245,43,1,1
BRDA:252,44,0,1
BRDA:252,44,1,4
BRDA:265,45,0,3
BRDA:265,45,1,0
BRDA:266,46,0,1
BRDA:266,46,1,2
BRDA:267,47,0,0
BRDA:267,47,1,3
BRDA:278,48,0,28
BRDA:278,48,1,1
BRDA:290,49,0,1
BRDA:290,49,1,2
BRDA:296,50,0,0
BRDA:296,50,1,1
BRDA:297,51,0,0
BRDA:297,51,1,1
BRDA:298,52,0,0
BRDA:298,52,1,1
BRDA:314,53,0,2
BRDA:314,53,1,0
BRDA:319,54,0,0
BRDA:319,54,1,4
BRDA:325,55,0,2
BRDA:325,55,1,2
BRDA:326,56,0,1
BRDA:326,56,1,1
BRDA:341,57,0,1
BRDA:341,57,1,4
BRDA:344,58,0,2
BRDA:344,58,1,3
BRDA:357,59,0,3
BRDA:357,59,1,1
BRF:124
BRH:92
end_of_record
TN:
SF:src/lib/useAppState/index.ts
FN:28,(anonymous_0)
FN:33,raiseError
FN:52,setError
FN:58,clearErrors
FN:63,clearSnack
FN:67,pushSnack
FN:72,(anonymous_6)
FN:72,(anonymous_7)
FN:74,useAppState
FNF:9
FNH:5
FNDA:1,(anonymous_0)
FNDA:1,raiseError
FNDA:1,setError
FNDA:0,clearErrors
FNDA:0,clearSnack
FNDA:0,pushSnack
FNDA:1,(anonymous_6)
FNDA:0,(anonymous_7)
FNDA:6,useAppState
DA:1,15
DA:2,15
DA:4,15
DA:5,15
DA:7,15
DA:18,15
DA:27,15
DA:28,15
DA:35,1
DA:36,0
DA:37,0
DA:38,0
DA:39,0
DA:40,0
DA:43,1
DA:44,1
DA:45,1
DA:47,0
DA:48,0
DA:53,1
DA:54,1
DA:55,1
DA:59,0
DA:60,0
DA:61,0
DA:64,0
DA:65,0
DA:68,0
DA:69,0
DA:72,15
DA:74,15
DA:75,6
LF:32
LH:18
BRDA:28,0,0,1
BRDA:28,0,1,0
BRDA:35,1,0,0
BRDA:35,1,1,1
BRDA:38,2,0,0
BRDA:38,2,1,0
BRDA:43,3,0,1
BRDA:43,3,1,0
BRDA:44,4,0,0
BRDA:44,4,1,1
BRF:10
BRH:4
end_of_record
TN:
SF:src/lib/usePage/index.ts
FN:31,(anonymous_0)
FN:33,resetPageState
FN:43,subscribeToPage
FN:56,(anonymous_3)
FN:81,(anonymous_4)
FN:82,(anonymous_5)
FN:96,usePage
FN:100,(anonymous_7)
FNF:8
FNH:5
FNDA:3,(anonymous_0)
FNDA:0,resetPageState
FNDA:3,subscribeToPage
FNDA:0,(anonymous_3)
FNDA:2,(anonymous_4)
FNDA:2,(anonymous_5)
FNDA:3,usePage
FNDA:0,(anonymous_7)
DA:1,15
DA:2,15
DA:3,15
DA:4,15
DA:5,15
DA:7,15
DA:9,15
DA:16,15
DA:25,15
DA:26,15
DA:29,15
DA:30,15
DA:31,15
DA:34,0
DA:35,0
DA:36,0
DA:37,0
DA:38,0
DA:39,0
DA:40,0
DA:44,3
DA:46,3
DA:48,3
DA:49,3
DA:50,3
DA:51,3
DA:52,3
DA:53,3
DA:54,0
DA:55,0
DA:56,0
DA:57,0
DA:58,0
DA:59,0
DA:60,0
DA:61,0
DA:63,0
DA:64,0
DA:65,0
DA:66,0
DA:67,0
DA:68,0
DA:69,0
DA:71,0
DA:72,0
DA:76,3
DA:81,15
DA:82,15
DA:88,15
DA:94,15
DA:96,15
DA:98,3
DA:99,3
DA:100,3
DA:101,0
DA:104,3
LF:56
LH:31
BRDA:46,0,0,3
BRDA:46,0,1,0
BRDA:46,1,0,3
BRDA:46,1,1,0
BRDA:50,2,0,0
BRDA:50,2,1,3
BRDA:53,3,0,0
BRDA:53,3,1,3
BRDA:58,4,0,0
BRDA:58,4,1,0
BRDA:63,5,0,0
BRDA:63,5,1,0
BRDA:67,6,0,0
BRDA:67,6,1,0
BRDA:98,7,0,3
BRDA:98,7,1,0
BRF:16
BRH:5
end_of_record
TN:
SF:src/lib/usePagelog/index.ts
FN:20,(anonymous_0)
FN:42,(anonymous_1)
FN:45,(anonymous_2)
FN:50,(anonymous_3)
FN:53,init
FN:57,(anonymous_5)
FN:58,(anonymous_6)
FN:69,usePagelog
FNF:8
FNH:4
FNDA:2,(anonymous_0)
FNDA:0,(anonymous_1)
FNDA:0,(anonymous_2)
FNDA:102,(anonymous_3)
FNDA:4,init
FNDA:0,(anonymous_5)
FNDA:0,(anonymous_6)
FNDA:4,usePagelog
DA:2,15
DA:3,15
DA:4,15
DA:7,15
DA:8,15
DA:20,15
DA:21,2
DA:22,2
DA:23,2
DA:24,1
DA:25,1
DA:27,1
DA:28,1
DA:29,1
DA:30,1
DA:31,1
DA:40,1
DA:41,1
DA:42,1
DA:44,1
DA:45,1
DA:48,15
DA:49,15
DA:50,102
DA:51,15
DA:54,4
DA:55,2
DA:56,2
DA:57,2
DA:58,0
DA:59,0
DA:60,0
DA:61,0
DA:62,0
DA:66,2
DA:69,15
DA:70,4
DA:71,4
LF:38
LH:33
BRDA:23,0,0,1
BRDA:23,0,1,1
BRDA:23,1,0,2
BRDA:23,1,1,1
BRDA:28,2,0,1
BRDA:28,2,1,0
BRDA:30,3,0,0
BRDA:30,3,1,1
BRDA:54,4,0,2
BRDA:54,4,1,2
BRDA:61,5,0,0
BRDA:61,5,1,0
BRF:12
BRH:8
end_of_record
TN:
SF:src/lib/useParams/index.ts
FN:8,(anonymous_0)
FN:12,useParams
FN:13,(anonymous_2)
FNF:3
FNH:2
FNDA:0,(anonymous_0)
FNDA:2,useParams
FNDA:2,(anonymous_2)
DA:1,4
DA:2,4
DA:3,4
DA:5,4
DA:7,4
DA:8,4
DA:9,0
DA:10,0
DA:12,4
DA:13,2
LF:10
LH:8
BRF:0
BRH:0
end_of_record
TN:
SF:src/lib/useProfile/index.ts
FN:17,(anonymous_0)
FN:24,(anonymous_1)
FN:30,resetState
FN:39,isOwner
FN:44,(anonymous_4)
FN:48,(anonymous_5)
FN:53,useProfile
FN:55,(anonymous_7)
FN:64,(anonymous_8)
FNF:9
FNH:7
FNDA:5,(anonymous_0)
FNDA:5,(anonymous_1)
FNDA:5,resetState
FNDA:0,isOwner
FNDA:1,(anonymous_4)
FNDA:1,(anonymous_5)
FNDA:6,useProfile
FNDA:5,(anonymous_7)
FNDA:0,(anonymous_8)
DA:1,15
DA:2,15
DA:3,15
DA:4,15
DA:5,15
DA:7,15
DA:9,15
DA:11,15
DA:15,15
DA:16,15
DA:17,15
DA:18,5
DA:19,0
DA:21,5
DA:24,15
DA:25,15
DA:31,5
DA:32,5
DA:33,5
DA:40,0
DA:41,0
DA:44,15
DA:45,1
DA:46,1
DA:48,15
DA:49,1
DA:50,1
DA:53,15
DA:54,6
DA:55,5
DA:58,5
DA:60,5
DA:62,0
DA:63,0
DA:64,0
DA:65,0
DA:66,0
DA:67,0
DA:68,0
DA:70,0
DA:71,0
DA:78,5
DA:80,6
LF:43
LH:31
BRDA:18,0,0,0
BRDA:18,0,1,5
BRDA:40,1,0,0
BRDA:40,1,1,0
BRDA:45,2,0,0
BRDA:45,2,1,1
BRDA:49,3,0,0
BRDA:49,3,1,1
BRDA:54,4,0,5
BRDA:54,4,1,1
BRDA:60,5,0,0
BRDA:60,5,1,5
BRDA:65,6,0,0
BRDA:65,6,1,0
BRF:14
BRH:6
end_of_record
TN:
SF:src/lib/useSite/index.ts
FN:32,(anonymous_0)
FN:37,resetSite
FN:52,subscribeToSite
FN:65,(anonymous_3)
FN:91,init
FN:96,(anonymous_5)
FN:107,(anonymous_6)
FN:108,(anonymous_7)
FN:109,(anonymous_8)
FN:111,useSite
FNF:10
FNH:7
FNDA:9,(anonymous_0)
FNDA:9,resetSite
FNDA:9,subscribeToSite
FNDA:0,(anonymous_3)
FNDA:9,init
FNDA:0,(anonymous_5)
FNDA:8,(anonymous_6)
FNDA:0,(anonymous_7)
FNDA:1,(anonymous_8)
FNDA:9,useSite
DA:1,15
DA:2,15
DA:3,15
DA:4,15
DA:6,15
DA:7,15
DA:9,15
DA:14,15
DA:23,15
DA:24,15
DA:32,15
DA:38,9
DA:39,9
DA:40,9
DA:41,9
DA:42,9
DA:43,9
DA:44,9
DA:54,9
DA:55,9
DA:56,9
DA:59,9
DA:62,9
DA:63,0
DA:64,0
DA:65,0
DA:66,0
DA:67,0
DA:68,0
DA:69,0
DA:70,0
DA:71,0
DA:72,0
DA:73,0
DA:75,0
DA:76,0
DA:77,0
DA:78,0
DA:79,0
DA:81,0
DA:84,9
DA:85,9
DA:89,15
DA:92,9
DA:93,9
DA:96,9
DA:97,0
DA:98,0
DA:99,0
DA:101,0
DA:104,9
DA:107,15
DA:108,15
DA:109,15
DA:111,15
DA:112,9
DA:113,9
LF:57
LH:36
BRDA:54,0,0,0
BRDA:54,0,1,9
BRDA:55,1,0,0
BRDA:55,1,1,9
BRDA:62,2,0,0
BRDA:62,2,1,9
BRDA:66,3,0,0
BRDA:66,3,1,0
BRDA:66,4,0,0
BRDA:66,4,1,0
BRDA:92,5,0,0
BRDA:92,5,1,9
BRDA:98,6,0,0
BRDA:98,6,1,0
BRF:14
BRH:4
end_of_record
TN:
SF:src/plugins/skaldfire/index.ts
FN:47,skaldURI
FN:60,(anonymous_1)
FN:61,(anonymous_2)
FN:68,(anonymous_3)
FN:73,(anonymous_4)
FN:80,(anonymous_5)
FN:85,(anonymous_6)
FN:91,Skaldfire
FNF:8
FNH:2
FNDA:8,skaldURI
FNDA:0,(anonymous_1)
FNDA:0,(anonymous_2)
FNDA:0,(anonymous_3)
FNDA:0,(anonymous_4)
FNDA:0,(anonymous_5)
FNDA:0,(anonymous_6)
FNDA:21,Skaldfire
DA:9,21
DA:10,21
DA:47,21
DA:48,8
DA:49,8
DA:50,8
DA:51,8
DA:52,0
DA:54,8
DA:60,21
DA:61,0
DA:62,0
DA:63,0
DA:64,0
DA:66,0
DA:67,0
DA:68,0
DA:69,0
DA:70,0
DA:71,0
DA:74,0
DA:75,0
DA:80,21
DA:81,0
DA:82,0
DA:85,21
DA:86,0
DA:87,0
DA:91,21
DA:93,21
DA:102,21
DA:106,21
DA:108,21
DA:109,21
DA:110,21
DA:111,21
LF:36
LH:19
BRDA:48,0,0,0
BRDA:48,0,1,8
BRDA:63,1,0,0
BRDA:63,1,1,0
BRDA:70,2,0,0
BRDA:70,2,1,0
BRDA:81,3,0,0
BRDA:81,3,1,0
BRDA:86,4,0,0
BRDA:86,4,1,0
BRDA:106,5,0,0
BRDA:106,5,1,21
BRF:12
BRH:2
end_of_record
TN:
SF:src/views/Home.vue
FNF:0
FNH:0
DA:44,15
DA:45,15
DA:46,15
DA:47,15
DA:48,15
DA:50,15
LF:6
LH:6
BRF:0
BRH:0
end_of_record
TN:
SF:src/views/ViewCharacter/ViewCharacter.vue
FNF:0
FNH:0
DA:15,1
DA:16,1
DA:17,1
DA:19,1
LF:4
LH:4
BRF:0
BRH:0
end_of_record
TN:
SF:src/views/ckeditor/CKEditor.vue
FN:60,(anonymous_1)
FN:73,setPage
FN:83,(anonymous_3)
FNF:3
FNH:3
FNDA:1,(anonymous_1)
FNDA:1,setPage
FNDA:1,(anonymous_3)
DA:39,1
DA:40,1
DA:41,1
DA:42,1
DA:43,1
DA:44,1
DA:45,1
DA:46,1
DA:61,1
DA:62,1
DA:63,1
DA:64,1
DA:74,1
DA:75,1
DA:76,2
DA:81,1
DA:83,2
DA:85,1
DA:87,1
LF:19
LH:19
BRDA:76,0,0,0
BRDA:76,0,1,1
BRF:2
BRH:1
end_of_record
TN:
SF:src/views/gm/PlayerList.vue
FN:61,(anonymous_1)
FN:65,(anonymous_2)
FN:66,(anonymous_3)
FN:70,(anonymous_4)
FN:72,(anonymous_5)
FN:80,(anonymous_6)
FNF:6
FNH:2
FNDA:1,(anonymous_1)
FNDA:0,(anonymous_2)
FNDA:1,(anonymous_3)
FNDA:0,(anonymous_4)
FNDA:0,(anonymous_5)
FNDA:0,(anonymous_6)
DA:37,1
DA:38,1
DA:39,1
DA:40,1
DA:41,1
DA:42,1
DA:43,1
DA:44,1
DA:46,1
DA:62,1
DA:63,1
DA:64,1
DA:65,1
DA:66,1
DA:67,2
DA:68,0
DA:69,0
DA:70,0
DA:71,0
DA:72,0
DA:73,0
DA:74,0
DA:76,0
DA:77,0
DA:80,1
DA:81,1
LF:26
LH:17
BRDA:67,0,0,1
BRDA:67,0,1,0
BRF:2
BRH:1
end_of_record
TN:
SF:src/views/listpages/ListPages.vue
FN:62,(anonymous_1)
FN:67,(anonymous_2)
FN:69,(anonymous_3)
FN:70,(anonymous_4)
FN:71,(anonymous_5)
FN:75,subscribe
FN:83,(anonymous_7)
FN:84,(anonymous_8)
FN:96,pagesForCategory
FN:98,(anonymous_10)
FN:100,(anonymous_11)
FNF:11
FNH:5
FNDA:1,(anonymous_1)
FNDA:1,(anonymous_2)
FNDA:1,(anonymous_3)
FNDA:0,(anonymous_4)
FNDA:0,(anonymous_5)
FNDA:1,subscribe
FNDA:0,(anonymous_7)
FNDA:0,(anonymous_8)
FNDA:5,pagesForCategory
FNDA:0,(anonymous_10)
FNDA:0,(anonymous_11)
DA:40,1
DA:41,1
DA:42,1
DA:43,1
DA:44,1
DA:45,1
DA:46,1
DA:48,1
DA:49,1
DA:63,1
DA:64,1
DA:65,1
DA:66,1
DA:67,1
DA:69,2
DA:70,1
DA:71,1
DA:72,0
DA:76,1
DA:77,1
DA:78,1
DA:80,1
DA:81,1
DA:83,1
DA:84,0
DA:85,0
DA:86,0
DA:97,5
DA:98,1
DA:100,4
DA:103,1
LF:31
LH:27
BRDA:76,0,0,0
BRDA:76,0,1,1
BRDA:97,1,0,1
BRDA:97,1,1,4
BRF:4
BRH:3
end_of_record
TN:
SF:src/views/viewpage/ViewPage.vue
FN:103,(anonymous_1)
FN:108,(anonymous_2)
FN:116,(anonymous_3)
FN:121,(anonymous_4)
FN:130,(anonymous_5)
FNF:5
FNH:3
FNDA:1,(anonymous_1)
FNDA:1,(anonymous_2)
FNDA:2,(anonymous_3)
FNDA:0,(anonymous_4)
FNDA:0,(anonymous_5)
DA:85,15
DA:86,15
DA:87,15
DA:88,15
DA:89,15
DA:90,15
DA:91,15
DA:92,15
DA:93,15
DA:94,15
DA:95,15
DA:104,1
DA:105,1
DA:106,1
DA:107,1
DA:108,1
DA:109,1
DA:110,2
DA:112,1
DA:113,1
DA:115,1
DA:116,3
DA:121,1
DA:122,0
DA:123,0
DA:124,0
DA:125,0
DA:126,0
DA:127,0
DA:128,0
DA:130,1
DA:131,0
DA:133,1
LF:33
LH:25
BRDA:109,0,0,0
BRDA:109,0,1,1
BRDA:110,1,0,0
BRDA:110,1,1,2
BRDA:116,2,0,2
BRDA:116,2,1,0
BRDA:116,2,2,0
BRF:7
BRH:3
end_of_record
